2021-08-08 08:12:22.713 +09:00 [DBG] Sending Metrics batches
2021-08-08 08:12:22.769 +09:00 [DBG] Checking if table MetricsTable is empty
2021-08-08 08:12:22.770 +09:00 [DBG] is empty: True
2021-08-08 08:12:22.770 +09:00 [DBG] Finished sending batches of metrics to cloudwatch.
2021-08-08 08:12:22.770 +09:00 [DBG] Sending Analytics Batches
2021-08-08 08:12:22.772 +09:00 [DBG] Checking if table AnalyticsTable is empty
2021-08-08 08:12:22.773 +09:00 [DBG] is empty: True
2021-08-08 08:12:22.773 +09:00 [DBG] Finished sending batches of analytics to pinpoint.
2021-08-08 09:12:22.777 +09:00 [DBG] Sending Metrics batches
2021-08-08 09:12:22.827 +09:00 [DBG] Checking if table MetricsTable is empty
2021-08-08 09:12:22.829 +09:00 [DBG] is empty: True
2021-08-08 09:12:22.829 +09:00 [DBG] Finished sending batches of metrics to cloudwatch.
2021-08-08 09:12:22.829 +09:00 [DBG] Sending Analytics Batches
2021-08-08 09:12:22.832 +09:00 [DBG] Checking if table AnalyticsTable is empty
2021-08-08 09:12:22.834 +09:00 [DBG] is empty: True
2021-08-08 09:12:22.834 +09:00 [DBG] Finished sending batches of analytics to pinpoint.
2021-08-08 10:18:53.484 +09:00 [DBG] Sending Metrics batches
2021-08-08 10:18:53.570 +09:00 [DBG] Checking if table MetricsTable is empty
2021-08-08 10:18:53.571 +09:00 [DBG] is empty: True
2021-08-08 10:18:53.571 +09:00 [DBG] Finished sending batches of metrics to cloudwatch.
2021-08-08 10:18:53.571 +09:00 [DBG] Sending Analytics Batches
2021-08-08 10:18:53.573 +09:00 [DBG] Checking if table AnalyticsTable is empty
2021-08-08 10:18:53.574 +09:00 [DBG] is empty: True
2021-08-08 10:18:53.574 +09:00 [DBG] Finished sending batches of analytics to pinpoint.
2021-08-08 11:19:02.354 +09:00 [DBG] Sending Metrics batches
2021-08-08 11:19:02.370 +09:00 [DBG] Checking if table MetricsTable is empty
2021-08-08 11:19:02.372 +09:00 [DBG] is empty: True
2021-08-08 11:19:02.372 +09:00 [DBG] Finished sending batches of metrics to cloudwatch.
2021-08-08 11:19:02.373 +09:00 [DBG] Sending Analytics Batches
2021-08-08 11:19:02.376 +09:00 [DBG] Checking if table AnalyticsTable is empty
2021-08-08 11:19:02.378 +09:00 [DBG] is empty: True
2021-08-08 11:19:02.378 +09:00 [DBG] Finished sending batches of analytics to pinpoint.
2021-08-08 13:14:10.351 +09:00 [DBG] Sending Metrics batches
2021-08-08 13:14:10.395 +09:00 [DBG] Checking if table MetricsTable is empty
2021-08-08 13:14:10.397 +09:00 [DBG] is empty: True
2021-08-08 13:14:10.397 +09:00 [DBG] Finished sending batches of metrics to cloudwatch.
2021-08-08 13:14:10.398 +09:00 [DBG] Sending Analytics Batches
2021-08-08 13:14:10.401 +09:00 [DBG] Checking if table AnalyticsTable is empty
2021-08-08 13:14:10.403 +09:00 [DBG] is empty: True
2021-08-08 13:14:10.403 +09:00 [DBG] Finished sending batches of analytics to pinpoint.
2021-08-08 14:14:10.346 +09:00 [DBG] Sending Metrics batches
2021-08-08 14:14:10.410 +09:00 [DBG] Checking if table MetricsTable is empty
2021-08-08 14:14:10.412 +09:00 [DBG] is empty: True
2021-08-08 14:14:10.412 +09:00 [DBG] Finished sending batches of metrics to cloudwatch.
2021-08-08 14:14:10.412 +09:00 [DBG] Sending Analytics Batches
2021-08-08 14:14:10.451 +09:00 [DBG] Checking if table AnalyticsTable is empty
2021-08-08 14:14:10.453 +09:00 [DBG] is empty: True
2021-08-08 14:14:10.453 +09:00 [DBG] Finished sending batches of analytics to pinpoint.
2021-08-08 15:19:10.960 +09:00 [DBG] Sending Metrics batches
2021-08-08 15:19:11.957 +09:00 [DBG] Checking if table MetricsTable is empty
2021-08-08 15:19:12.000 +09:00 [DBG] is empty: True
2021-08-08 15:19:12.000 +09:00 [DBG] Finished sending batches of metrics to cloudwatch.
2021-08-08 15:19:12.000 +09:00 [DBG] Sending Analytics Batches
2021-08-08 15:19:12.198 +09:00 [DBG] Checking if table AnalyticsTable is empty
2021-08-08 15:19:12.246 +09:00 [DBG] is empty: True
2021-08-08 15:19:12.246 +09:00 [DBG] Finished sending batches of analytics to pinpoint.
2021-08-08 16:56:00.360 +09:00 [DBG] Sending Metrics batches
2021-08-08 16:56:00.564 +09:00 [DBG] Checking if table MetricsTable is empty
2021-08-08 16:56:00.603 +09:00 [DBG] is empty: True
2021-08-08 16:56:00.603 +09:00 [DBG] Finished sending batches of metrics to cloudwatch.
2021-08-08 16:56:00.605 +09:00 [DBG] Sending Analytics Batches
2021-08-08 16:56:00.668 +09:00 [DBG] Checking if table AnalyticsTable is empty
2021-08-08 16:56:00.704 +09:00 [DBG] is empty: True
2021-08-08 16:56:00.706 +09:00 [DBG] Finished sending batches of analytics to pinpoint.
2021-08-08 17:56:00.701 +09:00 [DBG] Sending Metrics batches
2021-08-08 17:56:00.796 +09:00 [DBG] Checking if table MetricsTable is empty
2021-08-08 17:56:00.799 +09:00 [DBG] is empty: True
2021-08-08 17:56:00.799 +09:00 [DBG] Finished sending batches of metrics to cloudwatch.
2021-08-08 17:56:00.799 +09:00 [DBG] Sending Analytics Batches
2021-08-08 17:56:00.805 +09:00 [DBG] Checking if table AnalyticsTable is empty
2021-08-08 17:56:00.805 +09:00 [DBG] is empty: True
2021-08-08 17:56:00.805 +09:00 [DBG] Finished sending batches of analytics to pinpoint.
2021-08-08 19:14:09.535 +09:00 [DBG] Sending Metrics batches
2021-08-08 19:14:09.553 +09:00 [DBG] Checking if table MetricsTable is empty
2021-08-08 19:14:09.554 +09:00 [DBG] is empty: True
2021-08-08 19:14:09.555 +09:00 [DBG] Finished sending batches of metrics to cloudwatch.
2021-08-08 19:14:09.555 +09:00 [DBG] Sending Analytics Batches
2021-08-08 19:14:09.561 +09:00 [DBG] Checking if table AnalyticsTable is empty
2021-08-08 19:14:09.562 +09:00 [DBG] is empty: True
2021-08-08 19:14:09.562 +09:00 [DBG] Finished sending batches of analytics to pinpoint.
2021-08-08 22:35:11.293 +09:00 [DBG] Sending Metrics batches
2021-08-08 22:35:11.307 +09:00 [DBG] Checking if table MetricsTable is empty
2021-08-08 22:35:11.307 +09:00 [DBG] is empty: True
2021-08-08 22:35:11.307 +09:00 [DBG] Finished sending batches of metrics to cloudwatch.
2021-08-08 22:35:11.307 +09:00 [DBG] Sending Analytics Batches
2021-08-08 22:35:11.310 +09:00 [DBG] Checking if table AnalyticsTable is empty
2021-08-08 22:35:11.311 +09:00 [DBG] is empty: True
2021-08-08 22:35:11.311 +09:00 [DBG] Finished sending batches of analytics to pinpoint.
2021-08-08 23:35:11.313 +09:00 [DBG] Sending Metrics batches
2021-08-08 23:35:11.358 +09:00 [DBG] Checking if table MetricsTable is empty
2021-08-08 23:35:11.361 +09:00 [DBG] is empty: True
2021-08-08 23:35:11.361 +09:00 [DBG] Finished sending batches of metrics to cloudwatch.
2021-08-08 23:35:11.361 +09:00 [DBG] Sending Analytics Batches
2021-08-08 23:35:11.385 +09:00 [DBG] Checking if table AnalyticsTable is empty
2021-08-08 23:35:11.386 +09:00 [DBG] is empty: True
2021-08-08 23:35:11.387 +09:00 [DBG] Finished sending batches of analytics to pinpoint.
