2021-08-30 00:26:06.620 +09:00 [DBG] Sending Metrics batches
2021-08-30 00:26:06.724 +09:00 [DBG] Checking if table MetricsTable is empty
2021-08-30 00:26:06.726 +09:00 [DBG] is empty: True
2021-08-30 00:26:06.726 +09:00 [DBG] Finished sending batches of metrics to cloudwatch.
2021-08-30 00:26:06.726 +09:00 [DBG] Sending Analytics Batches
2021-08-30 00:26:06.729 +09:00 [DBG] Checking if table AnalyticsTable is empty
2021-08-30 00:26:06.731 +09:00 [DBG] is empty: True
2021-08-30 00:26:06.731 +09:00 [DBG] Finished sending batches of analytics to pinpoint.
2021-08-30 01:26:16.584 +09:00 [DBG] Sending Metrics batches
2021-08-30 01:26:16.595 +09:00 [DBG] Checking if table MetricsTable is empty
2021-08-30 01:26:16.596 +09:00 [DBG] is empty: True
2021-08-30 01:26:16.596 +09:00 [DBG] Finished sending batches of metrics to cloudwatch.
2021-08-30 01:26:16.596 +09:00 [DBG] Sending Analytics Batches
2021-08-30 01:26:16.599 +09:00 [DBG] Checking if table AnalyticsTable is empty
2021-08-30 01:26:16.600 +09:00 [DBG] is empty: True
2021-08-30 01:26:16.601 +09:00 [DBG] Finished sending batches of analytics to pinpoint.
2021-08-30 02:26:26.512 +09:00 [DBG] Sending Metrics batches
2021-08-30 02:26:26.561 +09:00 [DBG] Checking if table MetricsTable is empty
2021-08-30 02:26:26.563 +09:00 [DBG] is empty: True
2021-08-30 02:26:26.563 +09:00 [DBG] Finished sending batches of metrics to cloudwatch.
2021-08-30 02:26:26.564 +09:00 [DBG] Sending Analytics Batches
2021-08-30 02:26:26.601 +09:00 [DBG] Checking if table AnalyticsTable is empty
2021-08-30 02:26:26.603 +09:00 [DBG] is empty: True
2021-08-30 02:26:26.603 +09:00 [DBG] Finished sending batches of analytics to pinpoint.
2021-08-30 03:21:28.108 +09:00 [DBG] Caught exception when getting connection status. Exception information: System.TimeoutException: The message did not respond within the expected timeframe or was cancelled
  at ACVC.Core.OpenVpn.OvpnConnectionManager.SendMessage (System.String message, System.Int32 timeout, System.Threading.CancellationToken cancellationToken) [0x001ca] in <31f17d339caa4e67b9ad9d7f4a1b866a>:0 
  at ACVC.Core.OpenVpn.OvpnConnectionManager.GetConnectionStatus () [0x0007c] in <31f17d339caa4e67b9ad9d7f4a1b866a>:0 
  at ACVC.Core.Metrics.MetricsClient.RecordBytesMetricsAndAnalytics (ACVC.Core.IConnectionManager connectionManager) [0x00077] in <31f17d339caa4e67b9ad9d7f4a1b866a>:0 
2021-08-30 03:21:28.124 +09:00 [DBG] Inserted event UI_APP_VPN_CONNECT_GENERAL_ERROR 0 to MetricsTable
2021-08-30 03:21:28.129 +09:00 [INF] Terminating connection
2021-08-30 03:21:28.129 +09:00 [DBG] 🏞 Ending connection details reporting.
2021-08-30 03:21:28.129 +09:00 [WRN] We are calling GracefulKill in a method that is not supposed to change Connection state.
2021-08-30 03:21:28.130 +09:00 [DBG] GracefulKill
2021-08-30 03:21:28.133 +09:00 [DBG] Cancelling socket listen token
2021-08-30 03:21:28.133 +09:00 [DBG] Dispose socket
2021-08-30 03:21:28.133 +09:00 [DBG] Signal process kill with helper tool.
2021-08-30 03:21:28.137 +09:00 [DBG] Starting process
2021-08-30 03:21:28.145 +09:00 [DBG] Start to read process output
2021-08-30 03:21:28.147 +09:00 [DBG] Shutting down metrics agent
2021-08-30 03:21:28.148 +09:00 [DBG] Metrics agent shut down
2021-08-30 13:45:13.184 +09:00 [INF] Logger initialized
2021-08-30 13:45:13.325 +09:00 [INF] Current OS Information:
2021-08-30 13:45:13.327 +09:00 [INF] Platform: "Unix"
2021-08-30 13:45:13.332 +09:00 [INF] Version String: Unix 19.6.0.0
2021-08-30 13:45:13.333 +09:00 [INF] OS description: Unix 19.6.0.0
2021-08-30 13:45:13.334 +09:00 [INF] OSX detected.
2021-08-30 13:45:13.633 +09:00 [INF] Loading attributes file from /Users/insightshiga/.config/AWSVPNClient/MetricsAttributes
2021-08-30 13:45:13.726 +09:00 [DBG] Metrics attributes saved to file: /Users/insightshiga/.config/AWSVPNClient/MetricsAttributes
2021-08-30 13:45:13.727 +09:00 [DBG] Database path: /Users/insightshiga/.config/AWSVPNClient/awsvpnclientmetrics.db
2021-08-30 13:45:13.728 +09:00 [INF] Loading profile store from /Users/insightshiga/.config/AWSVPNClient/ConnectionProfiles
2021-08-30 13:45:13.745 +09:00 [INF] Saving profile store to /Users/insightshiga/.config/AWSVPNClient/ConnectionProfiles
2021-08-30 13:45:13.755 +09:00 [DBG] Auto culture: ja-JP Auto UI culture: ja-JP
2021-08-30 13:45:13.756 +09:00 [DBG] Can successfully read and write app data folder.
2021-08-30 13:45:13.758 +09:00 [DBG] openVpnExePath: /Applications/AWS VPN Client/AWS VPN Client.app/Contents/Resources/openvpn/acvc-openvpn
2021-08-30 13:45:13.758 +09:00 [DBG] helperToolExePath: /Applications/AWS VPN Client/AWS VPN Client.app/Contents/Resources/AWS VPN Client/Contents/MacOS/ACVCHelperTool
2021-08-30 13:45:13.859 +09:00 [DBG] macOS viewDidLoad
2021-08-30 13:45:13.871 +09:00 [INF] Loading preferences file from /Users/insightshiga/.config/AWSVPNClient/Preferences
2021-08-30 13:45:13.962 +09:00 [DBG] Inserted event UI_APP_VPN_CONNECT_GENERAL_ERROR 0 to MetricsTable
2021-08-30 13:45:14.651 +09:00 [DBG] Inserted event APPLICATION_CRASH_DETECTED 0 to MetricsTable
2021-08-30 13:45:14.652 +09:00 [DBG] Current preferences schema version is 1, which is less or equal to current supported version: 1. 
2021-08-30 13:45:14.657 +09:00 [DBG] Metric agent started
2021-08-30 13:45:14.659 +09:00 [DBG] Sending Metrics batches
2021-08-30 13:45:14.663 +09:00 [DBG] Checking if table MetricsTable is empty
2021-08-30 13:45:14.667 +09:00 [DBG] is empty: False
2021-08-30 13:45:14.686 +09:00 [DBG] Metrics event batch successfully created, sending metrics
2021-08-30 13:45:14.716 +09:00 [DBG] Inserted event PROFILE_CONFIGURATION_VERSION 1 to AnalyticsTable
2021-08-30 13:45:14.716 +09:00 [DBG] Current metadata schema version is 1, which is less or equal to current supported version: 1. 
2021-08-30 13:45:14.718 +09:00 [DBG] Inserted event CLICK_LAUNCH_DESKTOP_APP 1 to AnalyticsTable
2021-08-30 13:45:14.728 +09:00 [DBG] AcvcHelperOutLog doesn't exist. Skipping
2021-08-30 13:45:14.728 +09:00 [DBG] AcvcHelperErrLog doesn't exist. Skipping
2021-08-30 13:45:14.762 +09:00 [DBG] Total logs size: 11704641 bytes
2021-08-30 13:45:14.764 +09:00 [DBG] Inserted event LOG_DISK_USAGE 11704641 to MetricsTable
2021-08-30 13:45:14.766 +09:00 [DBG] Inserted event LOG_DISK_USAGE 11704641 to AnalyticsTable
2021-08-30 13:45:15.748 +09:00 [DBG] /usr/bin/dig stdout: 
; <<>> DiG 9.10.6 <<>> pinpoint.metrics-awsvpnclient.us-east-1.amazonaws.com
;; global options: +cmd
;; Got answer:
;; ->>HEADER<<- opcode: QUERY, status: NOERROR, id: 39433
;; flags: qr rd ra; QUERY: 1, ANSWER: 5, AUTHORITY: 4, ADDITIONAL: 1

;; OPT PSEUDOSECTION:
; EDNS: version: 0, flags:; udp: 4096
;; QUESTION SECTION:
;pinpoint.metrics-awsvpnclient.us-east-1.amazonaws.com. IN A

;; ANSWER SECTION:
pinpoint.metrics-awsvpnclient.us-east-1.amazonaws.com. 900 IN CNAME pinpoint.ap-northeast-1.amazonaws.com.
pinpoint.ap-northeast-1.amazonaws.com. 60 IN A	65.9.42.23
pinpoint.ap-northeast-1.amazonaws.com. 60 IN A	65.9.42.66
pinpoint.ap-northeast-1.amazonaws.com. 60 IN A	65.9.42.70
pinpoint.ap-northeast-1.amazonaws.com. 60 IN A	65.9.42.63

;; AUTHORITY SECTION:
pinpoint.ap-northeast-1.amazonaws.com. 41434 IN	NS ns-1113.awsdns-11.org.
pinpoint.ap-northeast-1.amazonaws.com. 41434 IN	NS ns-1796.awsdns-32.co.uk.
pinpoint.ap-northeast-1.amazonaws.com. 41434 IN	NS ns-205.awsdns-25.com.
pinpoint.ap-northeast-1.amazonaws.com. 41434 IN	NS ns-523.awsdns-01.net.

;; Query time: 9 msec
;; SERVER: 2404:1a8:7f01:a::3#53(2404:1a8:7f01:a::3)
;; WHEN: Mon Aug 30 13:45:15 JST 2021
;; MSG SIZE  rcvd: 321


2021-08-30 13:45:15.752 +09:00 [DBG] /usr/bin/dig stderr: 
2021-08-30 13:45:15.753 +09:00 [DBG] /usr/bin/dig exit code: 0
2021-08-30 13:45:15.753 +09:00 [DBG] Error: 
2021-08-30 13:45:15.754 +09:00 [DBG] dig command result: pinpoint.ap-northeast-1.amazonaws.com.
2021-08-30 13:45:15.757 +09:00 [DBG] Storing metrics region ap-northeast-1 in app
2021-08-30 13:45:15.757 +09:00 [DBG] metrics region already exists in app: ap-northeast-1
2021-08-30 13:45:15.758 +09:00 [DBG] metrics region already exists in app: ap-northeast-1
2021-08-30 13:45:15.758 +09:00 [DBG] metrics region already exists in app: ap-northeast-1
2021-08-30 13:45:15.758 +09:00 [DBG] metrics region already exists in app: ap-northeast-1
2021-08-30 13:45:15.871 +09:00 [DBG] Fetching cached identity id.
2021-08-30 13:45:15.872 +09:00 [DBG] Looking up current region
2021-08-30 13:45:15.872 +09:00 [DBG] Current region is: ap-northeast-1
2021-08-30 13:45:15.872 +09:00 [DBG] Setting identityId and temporaryCredentials file paths.
2021-08-30 13:45:15.877 +09:00 [DBG] Caching identity id.
2021-08-30 13:45:15.878 +09:00 [DBG] Fetching cached credentials.
2021-08-30 13:45:15.879 +09:00 [DBG] Reading cached credentials file.
2021-08-30 13:45:15.883 +09:00 [DBG] Initializing credentials provider.
2021-08-30 13:45:15.883 +09:00 [DBG] Sending metrics batch async
2021-08-30 13:45:15.884 +09:00 [DBG] OS: MacOS
2021-08-30 13:45:15.884 +09:00 [DBG] OS: MacOS
2021-08-30 13:45:15.884 +09:00 [DBG] OS: MacOS
2021-08-30 13:45:15.884 +09:00 [DBG] Metrics data request created
2021-08-30 13:45:16.008 +09:00 [DBG] Sending Analytics Batches
2021-08-30 13:45:16.011 +09:00 [DBG] Checking if table AnalyticsTable is empty
2021-08-30 13:45:16.011 +09:00 [DBG] is empty: False
2021-08-30 13:45:16.012 +09:00 [DBG] Analytics event batch successfully created, sending analytics
2021-08-30 13:45:16.014 +09:00 [DBG] Sending analytics batch async
2021-08-30 13:45:16.014 +09:00 [DBG] metrics region already exists in app: ap-northeast-1
2021-08-30 13:45:16.015 +09:00 [DBG] Pinpoint endpoint ID already exists
2021-08-30 13:45:16.015 +09:00 [DBG] OSVersion: Unix 19.6.0.0
2021-08-30 13:45:16.015 +09:00 [DBG] OS: MacOS
2021-08-30 13:45:16.015 +09:00 [DBG] Endpoint ID: ap-northeast-1:d999a751-9f05-4814-9c7f-21eb27358894
2021-08-30 13:45:16.015 +09:00 [DBG] Pinpoint endpoint id: ap-northeast-1:d999a751-9f05-4814-9c7f-21eb27358894
2021-08-30 13:45:16.022 +09:00 [DBG] metrics region already exists in app: ap-northeast-1
2021-08-30 13:45:16.027 +09:00 [DBG] metrics region already exists in app: ap-northeast-1
2021-08-30 13:45:16.027 +09:00 [DBG] metrics region already exists in app: ap-northeast-1
2021-08-30 13:45:16.027 +09:00 [DBG] metrics region already exists in app: ap-northeast-1
2021-08-30 13:45:16.247 +09:00 [DBG] Caching credentials.
2021-08-30 13:45:16.391 +09:00 [DBG] CloudWatch response received
2021-08-30 13:45:16.391 +09:00 [DBG] CloudWatch response status code: OK
2021-08-30 13:45:16.391 +09:00 [DBG] successfully put metrics to cloudwatch
2021-08-30 13:45:16.392 +09:00 [DBG] Deleting successfully sent batch of metric events
2021-08-30 13:45:16.395 +09:00 [DBG] Checking if table MetricsTable is empty
2021-08-30 13:45:16.395 +09:00 [DBG] is empty: False
2021-08-30 13:45:16.396 +09:00 [DBG] Metrics event batch successfully created, sending metrics
2021-08-30 13:45:16.396 +09:00 [DBG] metrics region already exists in app: ap-northeast-1
2021-08-30 13:45:16.396 +09:00 [DBG] Sending metrics batch async
2021-08-30 13:45:16.396 +09:00 [DBG] OS: MacOS
2021-08-30 13:45:16.396 +09:00 [DBG] Metrics data request created
2021-08-30 13:45:16.414 +09:00 [DBG] 2021/08/30 13:45:16 Accepted
2021-08-30 13:45:16.414 +09:00 [DBG] successfully put analytics to pinpoint
2021-08-30 13:45:16.415 +09:00 [DBG] Events batch was accepted. Checking individual events for accepted status.
2021-08-30 13:45:16.420 +09:00 [DBG] Checking if table AnalyticsTable is empty
2021-08-30 13:45:16.420 +09:00 [DBG] is empty: True
2021-08-30 13:45:16.420 +09:00 [DBG] Finished sending batches of analytics to pinpoint.
2021-08-30 13:45:16.457 +09:00 [DBG] CloudWatch response received
2021-08-30 13:45:16.457 +09:00 [DBG] CloudWatch response status code: OK
2021-08-30 13:45:16.457 +09:00 [DBG] successfully put metrics to cloudwatch
2021-08-30 13:45:16.457 +09:00 [DBG] Deleting successfully sent batch of metric events
2021-08-30 13:45:16.461 +09:00 [DBG] Checking if table MetricsTable is empty
2021-08-30 13:45:16.461 +09:00 [DBG] is empty: True
2021-08-30 13:45:16.461 +09:00 [DBG] Finished sending batches of metrics to cloudwatch.
2021-08-30 13:45:17.179 +09:00 [INF] Saving profile store to /Users/insightshiga/.config/AWSVPNClient/ConnectionProfiles
2021-08-30 13:45:17.182 +09:00 [DBG] Inserted event CLICK_APP_CONNECT 1 to AnalyticsTable
2021-08-30 13:45:17.184 +09:00 [INF] Connecting /Users/insightshiga/.config/AWSVPNClient/OpenVpnConfigs/InsightStandardVPN 
2021-08-30 13:45:17.187 +09:00 [DBG] validationString: /Users/insightshiga/.config/AWSVPNClient/OpenVpnConfigs/InsightStandardVPN
1630298727
2021-08-30 13:45:17.189 +09:00 [DBG] Inserted event UI_APP_VPN_CONNECT_ATTEMPT 1 to AnalyticsTable
2021-08-30 13:45:17.189 +09:00 [DBG] Shutting down metrics agent
2021-08-30 13:45:17.190 +09:00 [DBG] Metrics agent shut down
2021-08-30 13:45:17.193 +09:00 [DBG] Inserted event UI_APP_VPN_CONNECT_GENERAL_ERROR 0 to MetricsTable
2021-08-30 13:45:17.348 +09:00 [INF] Starting OpenVpn process
2021-08-30 13:45:17.350 +09:00 [DBG] Starting process
2021-08-30 13:45:17.355 +09:00 [DBG] Start to read process output
2021-08-30 13:45:17.460 +09:00 [DBG] End reading process output
2021-08-30 13:45:17.462 +09:00 [DBG] Helper app --init output: Kill success.
2021-08-30 13:45:17.462 +09:00 [DBG] Connecting using command /Applications/AWS VPN Client/AWS VPN Client.app/Contents/Resources/AWS VPN Client/Contents/MacOS/ACVCHelperTool --start -c "/Users/insightshiga/.config/AWSVPNClient/OpenVpnConfigs/current_connection.txt" -p "/Users/insightshiga/.config/AWSVPNClient/acvc-8096.txt"
2021-08-30 13:45:17.463 +09:00 [DBG] Starting process
2021-08-30 13:45:17.465 +09:00 [DBG] Start to read process output
2021-08-30 13:45:17.852 +09:00 [DBG] End reading process output
2021-08-30 13:45:17.873 +09:00 [DBG] Helper app --start output: Start success.
2021-08-30 13:45:17.874 +09:00 [INF] Connecting to management interface... host 127.0.0.1, port 8096
2021-08-30 13:45:17.876 +09:00 [DBG] Socket connected
2021-08-30 13:45:17.876 +09:00 [DBG] Starting to listen to management port
2021-08-30 13:45:17.876 +09:00 [DBG] Called isAliveProcess
2021-08-30 13:45:17.879 +09:00 [INF] Received bytes: 15
2021-08-30 13:45:17.880 +09:00 [DBG] Message marshalling complete
2021-08-30 13:45:17.882 +09:00 [DBG] CM received: ENTER PASSWORD:
2021-08-30 13:45:17.884 +09:00 [INF] Validating schema for OpenVPN config: /Users/insightshiga/.config/AWSVPNClient/OpenVpnConfigs/InsightStandardVPN
2021-08-30 13:45:17.886 +09:00 [DBG] CM processsing: ENTER PASSWORD:
2021-08-30 13:45:17.886 +09:00 [DBG] Port needs password to connect
2021-08-30 13:45:17.886 +09:00 [DBG] Sending port password
2021-08-30 13:45:17.887 +09:00 [INF] Begin receive init again
2021-08-30 13:45:17.887 +09:00 [INF] Received bytes: 105
2021-08-30 13:45:17.887 +09:00 [DBG] Message marshalling complete
2021-08-30 13:45:17.887 +09:00 [DBG] CM received: SUCCESS: password is correct
>INFO:OpenVPN Management Interface Version 1 -- type 'help' for more info

2021-08-30 13:45:17.887 +09:00 [DBG] CM processsing: SUCCESS: password is correct
2021-08-30 13:45:17.888 +09:00 [DBG] 🥶 ONE lineSUCCESS: password is correct
2021-08-30 13:45:17.888 +09:00 [DBG] CM processsing: >INFO:OpenVPN Management Interface Version 1 -- type 'help' for more info
2021-08-30 13:45:17.889 +09:00 [DBG] Asking for real-time state and log notifications.
2021-08-30 13:45:17.889 +09:00 [DBG] Waiting fixed time for response.
2021-08-30 13:45:17.891 +09:00 [DBG] CM processsing: 
2021-08-30 13:45:17.891 +09:00 [DBG] 🥶 APPEND line
2021-08-30 13:45:17.891 +09:00 [INF] Begin receive init again
2021-08-30 13:45:17.892 +09:00 [INF] Received bytes: 175
2021-08-30 13:45:17.892 +09:00 [DBG] Message marshalling complete
2021-08-30 13:45:17.892 +09:00 [DBG] CM received: >PASSWORD:Need 'Auth' username/password
SUCCESS: real-time state notification set to ON
SUCCESS: real-time log notification set to ON
>LOG:1630298717,D,MANAGEMENT: CMD ''

2021-08-30 13:45:17.892 +09:00 [DBG] CM processsing: >PASSWORD:Need 'Auth' username/password
2021-08-30 13:45:17.893 +09:00 [DBG] CM received user/pass request: >PASSWORD:Need 'Auth' username/password
2021-08-30 13:45:17.893 +09:00 [DBG] No MFA configured.
2021-08-30 13:45:17.894 +09:00 [INF] Successfully validated /Users/insightshiga/.config/AWSVPNClient/OpenVpnConfigs/InsightStandardVPN
2021-08-30 13:45:17.897 +09:00 [DBG] Inserted event CONNECTION_PROFILE_TYPE 1 to AnalyticsTable
2021-08-30 13:45:17.916 +09:00 [DBG] Challenge echo received in login view: 
2021-08-30 13:45:17.963 +09:00 [DBG] CM processsing: SUCCESS: real-time state notification set to ON
2021-08-30 13:45:17.963 +09:00 [DBG] Response recieved for: state on
2021-08-30 13:45:17.963 +09:00 [DBG] Assume real-time state notifications are on. Received: SUCCESS: real-time state notification set to ON
2021-08-30 13:45:17.963 +09:00 [DBG] CM processsing: SUCCESS: real-time log notification set to ON
2021-08-30 13:45:17.963 +09:00 [DBG] Response recieved for: log on
2021-08-30 13:45:17.963 +09:00 [DBG] CM processsing: >LOG:1630298717,D,MANAGEMENT: CMD ''
2021-08-30 13:45:17.965 +09:00 [DBG] CM processsing: 
2021-08-30 13:45:17.965 +09:00 [DBG] 🥶 APPEND line
2021-08-30 13:45:17.965 +09:00 [INF] Begin receive init again
2021-08-30 13:46:03.433 +09:00 [DBG] Login ok button clicked.
2021-08-30 13:46:03.436 +09:00 [DBG] Sending username for login.
2021-08-30 13:46:03.438 +09:00 [INF] Received bytes: 68
2021-08-30 13:46:03.438 +09:00 [DBG] Message marshalling complete
2021-08-30 13:46:03.438 +09:00 [DBG] CM received: >LOG:1630298763,D,MANAGEMENT: CMD 'username "Auth" akitoshi.shiga'

2021-08-30 13:46:03.438 +09:00 [DBG] CM processsing: >LOG:1630298763,D,MANAGEMENT: CMD 'username "Auth" akitoshi.shiga'
2021-08-30 13:46:03.439 +09:00 [DBG] CM processsing: 
2021-08-30 13:46:03.439 +09:00 [DBG] 🥶 APPEND line
2021-08-30 13:46:03.439 +09:00 [INF] Begin receive init again
2021-08-30 13:46:03.444 +09:00 [INF] Received bytes: 94
2021-08-30 13:46:03.444 +09:00 [DBG] Message marshalling complete
2021-08-30 13:46:03.444 +09:00 [DBG] CM received: SUCCESS: 'Auth' username entered, but not yet verified
>LOG:1630298763,D,MANAGEMENT: CMD ''

2021-08-30 13:46:03.444 +09:00 [DBG] CM processsing: SUCCESS: 'Auth' username entered, but not yet verified
2021-08-30 13:46:03.445 +09:00 [DBG] 🥶 ONE lineSUCCESS: 'Auth' username entered, but not yet verified
2021-08-30 13:46:03.445 +09:00 [DBG] Sending password for login.
2021-08-30 13:46:03.445 +09:00 [DBG] CM processsing: >LOG:1630298763,D,MANAGEMENT: CMD ''
2021-08-30 13:46:03.445 +09:00 [DBG] CM processsing: 
2021-08-30 13:46:03.445 +09:00 [DBG] 🥶 APPEND line
2021-08-30 13:46:03.445 +09:00 [INF] Begin receive init again
2021-08-30 13:46:03.445 +09:00 [INF] Received bytes: 146
2021-08-30 13:46:03.445 +09:00 [DBG] Message marshalling complete
2021-08-30 13:46:03.445 +09:00 [DBG] CM received: >LOG:1630298763,D,MANAGEMENT: CMD 'password [...]'
SUCCESS: 'Auth' password entered, but not yet verified
>LOG:1630298763,D,MANAGEMENT: CMD ''

2021-08-30 13:46:03.445 +09:00 [DBG] CM processsing: >LOG:1630298763,D,MANAGEMENT: CMD 'password [...]'
2021-08-30 13:46:03.445 +09:00 [DBG] CM processsing: SUCCESS: 'Auth' password entered, but not yet verified
2021-08-30 13:46:03.445 +09:00 [DBG] 🥶 ONE lineSUCCESS: 'Auth' password entered, but not yet verified
2021-08-30 13:46:03.445 +09:00 [DBG] CM processsing: >LOG:1630298763,D,MANAGEMENT: CMD ''
2021-08-30 13:46:03.446 +09:00 [DBG] CM processsing: 
2021-08-30 13:46:03.446 +09:00 [DBG] 🥶 APPEND line
2021-08-30 13:46:03.446 +09:00 [INF] Begin receive init again
2021-08-30 13:46:03.507 +09:00 [INF] Received bytes: 579
2021-08-30 13:46:03.507 +09:00 [DBG] Message marshalling complete
2021-08-30 13:46:03.507 +09:00 [DBG] CM received: >LOG:1630298763,W,NOTE: the current --script-security setting may allow this configuration to call user-defined scripts
>LOG:1630298763,,MANAGEMENT: >STATE:1630298763,RESOLVE,,,,,,
>STATE:1630298763,RESOLVE,,,,,,
>LOG:1630298763,I,TCP/UDP: Preserving recently used remote address: [AF_INET]3.113.103.179:443
>LOG:1630298763,,Socket Buffers: R=[786896->786896] S=[9216->9216]
>LOG:1630298763,I,UDP link local: (not bound)
>LOG:1630298763,I,UDP link remote: [AF_INET]3.113.103.179:443
>LOG:1630298763,,MANAGEMENT: >STATE:1630298763,WAIT,,,,,,
>STATE:1630298763,WAIT,,,,,,

2021-08-30 13:46:03.507 +09:00 [DBG] CM processsing: >LOG:1630298763,W,NOTE: the current --script-security setting may allow this configuration to call user-defined scripts
2021-08-30 13:46:03.508 +09:00 [DBG] CM processsing: >LOG:1630298763,,MANAGEMENT: >STATE:1630298763,RESOLVE,,,,,,
2021-08-30 13:46:03.508 +09:00 [DBG] CM received state: >LOG:1630298763,,MANAGEMENT: >STATE:1630298763,RESOLVE,,,,,,
2021-08-30 13:46:03.508 +09:00 [DBG] CM processsing: >STATE:1630298763,RESOLVE,,,,,,
2021-08-30 13:46:03.508 +09:00 [DBG] CM received state: >STATE:1630298763,RESOLVE,,,,,,
2021-08-30 13:46:03.508 +09:00 [DBG] CM processsing: >LOG:1630298763,I,TCP/UDP: Preserving recently used remote address: [AF_INET]3.113.103.179:443
2021-08-30 13:46:03.508 +09:00 [DBG] CM processsing: >LOG:1630298763,,Socket Buffers: R=[786896->786896] S=[9216->9216]
2021-08-30 13:46:03.508 +09:00 [DBG] CM processsing: >LOG:1630298763,I,UDP link local: (not bound)
2021-08-30 13:46:03.508 +09:00 [DBG] CM processsing: >LOG:1630298763,I,UDP link remote: [AF_INET]3.113.103.179:443
2021-08-30 13:46:03.508 +09:00 [DBG] CM processsing: >LOG:1630298763,,MANAGEMENT: >STATE:1630298763,WAIT,,,,,,
2021-08-30 13:46:03.508 +09:00 [DBG] CM received state: >LOG:1630298763,,MANAGEMENT: >STATE:1630298763,WAIT,,,,,,
2021-08-30 13:46:03.508 +09:00 [DBG] CM processsing: >STATE:1630298763,WAIT,,,,,,
2021-08-30 13:46:03.508 +09:00 [DBG] CM received state: >STATE:1630298763,WAIT,,,,,,
2021-08-30 13:46:03.508 +09:00 [DBG] CM processsing: 
2021-08-30 13:46:03.508 +09:00 [DBG] 🥶 APPEND line
2021-08-30 13:46:03.508 +09:00 [INF] Begin receive init again
2021-08-30 13:46:03.517 +09:00 [INF] Received bytes: 182
2021-08-30 13:46:03.517 +09:00 [DBG] Message marshalling complete
2021-08-30 13:46:03.518 +09:00 [DBG] CM received: >LOG:1630298763,,MANAGEMENT: >STATE:1630298763,AUTH,,,,,,
>STATE:1630298763,AUTH,,,,,,
>LOG:1630298763,,TLS: Initial packet from [AF_INET]3.113.103.179:443, sid=29a8c15f d99aa9ce

2021-08-30 13:46:03.518 +09:00 [DBG] CM processsing: >LOG:1630298763,,MANAGEMENT: >STATE:1630298763,AUTH,,,,,,
2021-08-30 13:46:03.518 +09:00 [DBG] CM received state: >LOG:1630298763,,MANAGEMENT: >STATE:1630298763,AUTH,,,,,,
2021-08-30 13:46:03.518 +09:00 [DBG] CM processsing: >STATE:1630298763,AUTH,,,,,,
2021-08-30 13:46:03.518 +09:00 [DBG] CM received state: >STATE:1630298763,AUTH,,,,,,
2021-08-30 13:46:03.518 +09:00 [DBG] CM processsing: >LOG:1630298763,,TLS: Initial packet from [AF_INET]3.113.103.179:443, sid=29a8c15f d99aa9ce
2021-08-30 13:46:03.518 +09:00 [DBG] CM processsing: 
2021-08-30 13:46:03.518 +09:00 [DBG] 🥶 APPEND line
2021-08-30 13:46:03.518 +09:00 [INF] Begin receive init again
2021-08-30 13:46:03.518 +09:00 [INF] Received bytes: 124
2021-08-30 13:46:03.518 +09:00 [DBG] Message marshalling complete
2021-08-30 13:46:03.519 +09:00 [DBG] CM received: >LOG:1630298763,W,WARNING: this configuration may cache passwords in memory -- use the auth-nocache option to prevent this

2021-08-30 13:46:03.519 +09:00 [DBG] CM processsing: >LOG:1630298763,W,WARNING: this configuration may cache passwords in memory -- use the auth-nocache option to prevent this
2021-08-30 13:46:03.519 +09:00 [DBG] CM processsing: 
2021-08-30 13:46:03.519 +09:00 [DBG] 🥶 APPEND line
2021-08-30 13:46:03.519 +09:00 [INF] Begin receive init again
2021-08-30 13:46:03.528 +09:00 [INF] Received bytes: 364
2021-08-30 13:46:03.528 +09:00 [DBG] Message marshalling complete
2021-08-30 13:46:03.528 +09:00 [DBG] CM received: >LOG:1630298763,,VERIFY OK: depth=1, CN=insight-inc.biz
>LOG:1630298763,,VERIFY KU OK
>LOG:1630298763,,Validating certificate extended key usage
>LOG:1630298763,,++ Certificate has EKU (str) TLS Web Server Authentication, expects TLS Web Server Authentication
>LOG:1630298763,,VERIFY EKU OK
>LOG:1630298763,,VERIFY OK: depth=0, CN=vpn-server.insight-inc.biz

2021-08-30 13:46:03.528 +09:00 [DBG] CM processsing: >LOG:1630298763,,VERIFY OK: depth=1, CN=insight-inc.biz
2021-08-30 13:46:03.528 +09:00 [DBG] CM processsing: >LOG:1630298763,,VERIFY KU OK
2021-08-30 13:46:03.528 +09:00 [DBG] CM processsing: >LOG:1630298763,,Validating certificate extended key usage
2021-08-30 13:46:03.528 +09:00 [DBG] CM processsing: >LOG:1630298763,,++ Certificate has EKU (str) TLS Web Server Authentication, expects TLS Web Server Authentication
2021-08-30 13:46:03.528 +09:00 [DBG] CM processsing: >LOG:1630298763,,VERIFY EKU OK
2021-08-30 13:46:03.528 +09:00 [DBG] CM processsing: >LOG:1630298763,,VERIFY OK: depth=0, CN=vpn-server.insight-inc.biz
2021-08-30 13:46:03.528 +09:00 [DBG] CM processsing: 
2021-08-30 13:46:03.528 +09:00 [DBG] 🥶 APPEND line
2021-08-30 13:46:03.528 +09:00 [INF] Begin receive init again
2021-08-30 13:46:03.544 +09:00 [INF] Received bytes: 211
2021-08-30 13:46:03.544 +09:00 [DBG] Message marshalling complete
2021-08-30 13:46:03.544 +09:00 [DBG] CM received: >LOG:1630298763,,Control Channel: TLSv1.2, cipher TLSv1/SSLv3 ECDHE-RSA-AES256-GCM-SHA384, 2048 bit RSA
>LOG:1630298763,I,[vpn-server.insight-inc.biz] Peer Connection Initiated with [AF_INET]3.113.103.179:443

2021-08-30 13:46:03.544 +09:00 [DBG] CM processsing: >LOG:1630298763,,Control Channel: TLSv1.2, cipher TLSv1/SSLv3 ECDHE-RSA-AES256-GCM-SHA384, 2048 bit RSA
2021-08-30 13:46:03.544 +09:00 [DBG] CM processsing: >LOG:1630298763,I,[vpn-server.insight-inc.biz] Peer Connection Initiated with [AF_INET]3.113.103.179:443
2021-08-30 13:46:03.544 +09:00 [DBG] CM processsing: 
2021-08-30 13:46:03.544 +09:00 [DBG] 🥶 APPEND line
2021-08-30 13:46:03.544 +09:00 [INF] Begin receive init again
2021-08-30 13:46:04.708 +09:00 [INF] Received bytes: 188
2021-08-30 13:46:04.708 +09:00 [DBG] Message marshalling complete
2021-08-30 13:46:04.708 +09:00 [DBG] CM received: >LOG:1630298764,,MANAGEMENT: >STATE:1630298764,GET_CONFIG,,,,,,
>STATE:1630298764,GET_CONFIG,,,,,,
>LOG:1630298764,,SENT CONTROL [vpn-server.insight-inc.biz]: 'PUSH_REQUEST' (status=1)

2021-08-30 13:46:04.708 +09:00 [DBG] CM processsing: >LOG:1630298764,,MANAGEMENT: >STATE:1630298764,GET_CONFIG,,,,,,
2021-08-30 13:46:04.708 +09:00 [DBG] CM received state: >LOG:1630298764,,MANAGEMENT: >STATE:1630298764,GET_CONFIG,,,,,,
2021-08-30 13:46:04.708 +09:00 [DBG] CM processsing: >STATE:1630298764,GET_CONFIG,,,,,,
2021-08-30 13:46:04.708 +09:00 [DBG] CM received state: >STATE:1630298764,GET_CONFIG,,,,,,
2021-08-30 13:46:04.708 +09:00 [DBG] CM processsing: >LOG:1630298764,,SENT CONTROL [vpn-server.insight-inc.biz]: 'PUSH_REQUEST' (status=1)
2021-08-30 13:46:04.708 +09:00 [DBG] CM processsing: 
2021-08-30 13:46:04.708 +09:00 [DBG] 🥶 APPEND line
2021-08-30 13:46:04.708 +09:00 [INF] Begin receive init again
2021-08-30 13:46:09.882 +09:00 [INF] Received bytes: 87
2021-08-30 13:46:09.882 +09:00 [DBG] Message marshalling complete
2021-08-30 13:46:09.883 +09:00 [DBG] CM received: >LOG:1630298769,,SENT CONTROL [vpn-server.insight-inc.biz]: 'PUSH_REQUEST' (status=1)

2021-08-30 13:46:09.883 +09:00 [DBG] CM processsing: >LOG:1630298769,,SENT CONTROL [vpn-server.insight-inc.biz]: 'PUSH_REQUEST' (status=1)
2021-08-30 13:46:09.883 +09:00 [DBG] CM processsing: 
2021-08-30 13:46:09.883 +09:00 [DBG] 🥶 APPEND line
2021-08-30 13:46:09.883 +09:00 [INF] Begin receive init again
2021-08-30 13:46:12.348 +09:00 [INF] Received bytes: 1017
2021-08-30 13:46:12.349 +09:00 [DBG] Message marshalling complete
2021-08-30 13:46:12.349 +09:00 [DBG] CM received: >LOG:1630298769,,PUSH: Received control message: 'PUSH_REPLY,redirect-gateway def1 bypass-dhcp,route-gateway 172.16.1.33,topology subnet,ping 1,ping-restart 20,ifconfig 172.16.1.35 255.255.255.224,peer-id 1,cipher AES-256-GCM'
>LOG:1630298769,,OPTIONS IMPORT: timers and/or timeouts modified
>LOG:1630298769,,OPTIONS IMPORT: --ifconfig/up options modified
>LOG:1630298769,,OPTIONS IMPORT: route options modified
>LOG:1630298769,,OPTIONS IMPORT: route-related options modified
>LOG:1630298769,,OPTIONS IMPORT: peer-id set
>LOG:1630298769,,OPTIONS IMPORT: adjusting link_mtu to 1624
>LOG:1630298769,,OPTIONS IMPORT: data channel crypto options modified
>LOG:1630298769,,Outgoing Data Channel: Cipher 'AES-256-GCM' initialized with 256 bit key
>LOG:1630298769,,Incoming Data Channel: Cipher 'AES-256-GCM' initialized with 256 bit key
>LOG:1630298769,,ROUTE_GATEWAY 192.168.0.1/255.255.255.0 IFACE=en9 HWADDR=80:3f:5d:01:8b:6f
>LOG:1630298769,,Opening utun (connect(AF_SYS_CONTROL)): Resource busy (errno=16)

2021-08-30 13:46:12.349 +09:00 [DBG] CM processsing: >LOG:1630298769,,PUSH: Received control message: 'PUSH_REPLY,redirect-gateway def1 bypass-dhcp,route-gateway 172.16.1.33,topology subnet,ping 1,ping-restart 20,ifconfig 172.16.1.35 255.255.255.224,peer-id 1,cipher AES-256-GCM'
2021-08-30 13:46:12.350 +09:00 [DBG] CM processsing: >LOG:1630298769,,OPTIONS IMPORT: timers and/or timeouts modified
2021-08-30 13:46:12.350 +09:00 [DBG] CM processsing: >LOG:1630298769,,OPTIONS IMPORT: --ifconfig/up options modified
2021-08-30 13:46:12.350 +09:00 [DBG] CM processsing: >LOG:1630298769,,OPTIONS IMPORT: route options modified
2021-08-30 13:46:12.350 +09:00 [DBG] CM processsing: >LOG:1630298769,,OPTIONS IMPORT: route-related options modified
2021-08-30 13:46:12.350 +09:00 [DBG] CM processsing: >LOG:1630298769,,OPTIONS IMPORT: peer-id set
2021-08-30 13:46:12.350 +09:00 [DBG] CM processsing: >LOG:1630298769,,OPTIONS IMPORT: adjusting link_mtu to 1624
2021-08-30 13:46:12.350 +09:00 [DBG] CM processsing: >LOG:1630298769,,OPTIONS IMPORT: data channel crypto options modified
2021-08-30 13:46:12.350 +09:00 [DBG] CM processsing: >LOG:1630298769,,Outgoing Data Channel: Cipher 'AES-256-GCM' initialized with 256 bit key
2021-08-30 13:46:12.350 +09:00 [DBG] CM processsing: >LOG:1630298769,,Incoming Data Channel: Cipher 'AES-256-GCM' initialized with 256 bit key
2021-08-30 13:46:12.350 +09:00 [DBG] CM processsing: >LOG:1630298769,,ROUTE_GATEWAY 192.168.0.1/255.255.255.0 IFACE=en9 HWADDR=80:3f:5d:01:8b:6f
2021-08-30 13:46:12.350 +09:00 [DBG] CM processsing: >LOG:1630298769,,Opening utun (connect(AF_SYS_CONTROL)): Resource busy (errno=16)
2021-08-30 13:46:12.350 +09:00 [DBG] CM processsing: 
2021-08-30 13:46:12.350 +09:00 [DBG] 🥶 APPEND line
2021-08-30 13:46:12.350 +09:00 [INF] Begin receive init again
2021-08-30 13:46:12.350 +09:00 [INF] Received bytes: 1226
2021-08-30 13:46:12.350 +09:00 [DBG] Message marshalling complete
2021-08-30 13:46:12.350 +09:00 [DBG] CM received: >LOG:1630298769,,Opening utun (connect(AF_SYS_CONTROL)): Resource busy (errno=16)
>LOG:1630298769,I,Opened utun device utun2
>LOG:1630298769,D,do_ifconfig, tt->did_ifconfig_ipv6_setup=0
>LOG:1630298769,,MANAGEMENT: >STATE:1630298769,ASSIGN_IP,,172.16.1.35,,,,
>STATE:1630298769,ASSIGN_IP,,172.16.1.35,,,,
>LOG:1630298769,I,/sbin/ifconfig utun2 delete
>LOG:1630298769,I,NOTE: Tried to delete pre-existing tun/tap instance -- No Problem if failure
>LOG:1630298769,I,/sbin/ifconfig utun2 172.16.1.35 172.16.1.35 netmask 255.255.255.224 mtu 1500 up
>LOG:1630298769,,/sbin/route add -net 172.16.1.32 172.16.1.35 255.255.255.224
>LOG:1630298769,I,/Applications/AWS VPN Client/AWS VPN Client.app/Contents/Resources/openvpn/client.up utun2 1500 1552 172.16.1.35 255.255.255.224 init
>LOG:1630298772,,/sbin/route add -net 3.113.103.179 192.168.0.1 255.255.255.255
>LOG:1630298772,,/sbin/route add -net 0.0.0.0 172.16.1.33 128.0.0.0
>LOG:1630298772,,/sbin/route add -net 128.0.0.0 172.16.1.33 128.0.0.0
>LOG:1630298772,I,Initialization Sequence Completed
>LOG:1630298772,,MANAGEMENT: >STATE:1630298772,CONNECTED,SUCCESS,172.16.1.35,3.113.103.179,443,,
>STATE:1630298772,CONNECTED,SUCCESS,172.16.1.35,3.113.103.179,443,,

2021-08-30 13:46:12.351 +09:00 [DBG] CM processsing: >LOG:1630298769,,Opening utun (connect(AF_SYS_CONTROL)): Resource busy (errno=16)
2021-08-30 13:46:12.351 +09:00 [DBG] CM processsing: >LOG:1630298769,I,Opened utun device utun2
2021-08-30 13:46:12.351 +09:00 [DBG] CM processsing: >LOG:1630298769,D,do_ifconfig, tt->did_ifconfig_ipv6_setup=0
2021-08-30 13:46:12.351 +09:00 [DBG] CM processsing: >LOG:1630298769,,MANAGEMENT: >STATE:1630298769,ASSIGN_IP,,172.16.1.35,,,,
2021-08-30 13:46:12.351 +09:00 [DBG] CM received state: >LOG:1630298769,,MANAGEMENT: >STATE:1630298769,ASSIGN_IP,,172.16.1.35,,,,
2021-08-30 13:46:12.351 +09:00 [DBG] CM processsing: >STATE:1630298769,ASSIGN_IP,,172.16.1.35,,,,
2021-08-30 13:46:12.351 +09:00 [DBG] CM received state: >STATE:1630298769,ASSIGN_IP,,172.16.1.35,,,,
2021-08-30 13:46:12.351 +09:00 [DBG] CM processsing: >LOG:1630298769,I,/sbin/ifconfig utun2 delete
2021-08-30 13:46:12.351 +09:00 [DBG] CM processsing: >LOG:1630298769,I,NOTE: Tried to delete pre-existing tun/tap instance -- No Problem if failure
2021-08-30 13:46:12.351 +09:00 [DBG] CM processsing: >LOG:1630298769,I,/sbin/ifconfig utun2 172.16.1.35 172.16.1.35 netmask 255.255.255.224 mtu 1500 up
2021-08-30 13:46:12.351 +09:00 [DBG] CM processsing: >LOG:1630298769,,/sbin/route add -net 172.16.1.32 172.16.1.35 255.255.255.224
2021-08-30 13:46:12.351 +09:00 [DBG] CM processsing: >LOG:1630298769,I,/Applications/AWS VPN Client/AWS VPN Client.app/Contents/Resources/openvpn/client.up utun2 1500 1552 172.16.1.35 255.255.255.224 init
2021-08-30 13:46:12.351 +09:00 [DBG] CM processsing: >LOG:1630298772,,/sbin/route add -net 3.113.103.179 192.168.0.1 255.255.255.255
2021-08-30 13:46:12.351 +09:00 [DBG] CM processsing: >LOG:1630298772,,/sbin/route add -net 0.0.0.0 172.16.1.33 128.0.0.0
2021-08-30 13:46:12.351 +09:00 [DBG] CM processsing: >LOG:1630298772,,/sbin/route add -net 128.0.0.0 172.16.1.33 128.0.0.0
2021-08-30 13:46:12.351 +09:00 [DBG] CM processsing: >LOG:1630298772,I,Initialization Sequence Completed
2021-08-30 13:46:12.351 +09:00 [DBG] CM processsing: >LOG:1630298772,,MANAGEMENT: >STATE:1630298772,CONNECTED,SUCCESS,172.16.1.35,3.113.103.179,443,,
2021-08-30 13:46:12.351 +09:00 [DBG] CM received state: >LOG:1630298772,,MANAGEMENT: >STATE:1630298772,CONNECTED,SUCCESS,172.16.1.35,3.113.103.179,443,,
2021-08-30 13:46:12.357 +09:00 [DBG] Inserted event UI_APP_VPN_CONNECT_SUCCESS 1 to AnalyticsTable
2021-08-30 13:46:12.360 +09:00 [DBG] Inserted event CONNECTION_START_TIME 1630298772 to AnalyticsTable
2021-08-30 13:46:12.364 +09:00 [DBG] Inserted event CONNECTION_INITIALIZATION_TIME 55 to MetricsTable
2021-08-30 13:46:12.366 +09:00 [DBG] Inserted event CONNECTION_INITIALIZATION_TIME 55 to AnalyticsTable
2021-08-30 13:46:12.369 +09:00 [DBG] Inserted event UI_APP_VPN_CONNECT_GENERAL_ERROR 0 to MetricsTable
2021-08-30 13:46:12.370 +09:00 [DBG] Management port password authenticated.
2021-08-30 13:46:12.371 +09:00 [DBG] CM processsing: >STATE:1630298772,CONNECTED,SUCCESS,172.16.1.35,3.113.103.179,443,,
2021-08-30 13:46:12.371 +09:00 [DBG] CM received state: >STATE:1630298772,CONNECTED,SUCCESS,172.16.1.35,3.113.103.179,443,,
2021-08-30 13:46:12.383 +09:00 [DBG] Inserted event UI_APP_VPN_CONNECT_SUCCESS 1 to AnalyticsTable
2021-08-30 13:46:12.386 +09:00 [DBG] Inserted event UI_APP_VPN_CONNECT_GENERAL_ERROR 0 to MetricsTable
2021-08-30 13:46:12.386 +09:00 [DBG] Management port password authenticated.
2021-08-30 13:46:12.386 +09:00 [DBG] Destroyed management port password file on authentication.
2021-08-30 13:46:12.386 +09:00 [DBG] CM processsing: 
2021-08-30 13:46:12.386 +09:00 [DBG] 🥶 APPEND line
2021-08-30 13:46:12.386 +09:00 [INF] Begin receive init again
2021-08-30 18:38:27.034 +09:00 [DBG] Inserted event CLICK_APP_DISCONNECT 1 to AnalyticsTable
2021-08-30 18:38:27.091 +09:00 [INF] Received bytes: 247
2021-08-30 18:38:27.091 +09:00 [DBG] Message marshalling complete
2021-08-30 18:38:27.091 +09:00 [DBG] CM received: >LOG:1630316307,D,MANAGEMENT: CMD 'status'
OpenVPN STATISTICS
Updated,Mon Aug 30 18:38:27 2021
TUN/TAP read bytes,26477280
TUN/TAP write bytes,56996291
TCP/UDP read bytes,60061576
TCP/UDP write bytes,29797898
Auth read bytes,57217395
END

2021-08-30 18:38:27.091 +09:00 [DBG] CM processsing: >LOG:1630316307,D,MANAGEMENT: CMD 'status'
2021-08-30 18:38:27.093 +09:00 [DBG] CM processsing: OpenVPN STATISTICS
2021-08-30 18:38:27.093 +09:00 [DBG] 🥶 APPEND line
2021-08-30 18:38:27.093 +09:00 [DBG] CM processsing: Updated,Mon Aug 30 18:38:27 2021
2021-08-30 18:38:27.093 +09:00 [DBG] 🥶 APPEND line
2021-08-30 18:38:27.093 +09:00 [DBG] CM processsing: TUN/TAP read bytes,26477280
2021-08-30 18:38:27.093 +09:00 [DBG] 🥶 APPEND line
2021-08-30 18:38:27.093 +09:00 [DBG] CM processsing: TUN/TAP write bytes,56996291
2021-08-30 18:38:27.093 +09:00 [DBG] 🥶 APPEND line
2021-08-30 18:38:27.093 +09:00 [DBG] CM processsing: TCP/UDP read bytes,60061576
2021-08-30 18:38:27.093 +09:00 [DBG] 🥶 APPEND line
2021-08-30 18:38:27.093 +09:00 [DBG] CM processsing: TCP/UDP write bytes,29797898
2021-08-30 18:38:27.093 +09:00 [DBG] 🥶 APPEND line
2021-08-30 18:38:27.093 +09:00 [DBG] CM processsing: Auth read bytes,57217395
2021-08-30 18:38:27.093 +09:00 [DBG] 🥶 APPEND line
2021-08-30 18:38:27.093 +09:00 [DBG] CM processsing: END
2021-08-30 18:38:27.094 +09:00 [DBG] 🥶 END
2021-08-30 18:38:27.094 +09:00 [DBG] CM processsing: 
2021-08-30 18:38:27.094 +09:00 [DBG] 🥶 APPEND line
2021-08-30 18:38:27.094 +09:00 [INF] Begin receive init again
2021-08-30 18:38:27.099 +09:00 [DBG] Already received bytes: 60061576
2021-08-30 18:38:27.099 +09:00 [DBG] Already sent bytes: 29797898
2021-08-30 18:38:27.101 +09:00 [DBG] Inserted event CONNECTION_BYTES_SENT 29797898 to AnalyticsTable
2021-08-30 18:38:27.105 +09:00 [DBG] Inserted event CONNECTION_BYTES_RECEIVED 60061576 to AnalyticsTable
2021-08-30 18:38:27.114 +09:00 [DBG] Inserted event UI_APP_VPN_CONNECT_GENERAL_ERROR 0 to MetricsTable
2021-08-30 18:38:27.116 +09:00 [INF] Terminating connection
2021-08-30 18:38:27.119 +09:00 [DBG] 🏞 Ending connection details reporting.
2021-08-30 18:38:27.119 +09:00 [WRN] We are calling GracefulKill in a method that is not supposed to change Connection state.
2021-08-30 18:38:27.121 +09:00 [DBG] GracefulKill
2021-08-30 18:38:27.129 +09:00 [DBG] Cancelling socket listen token
2021-08-30 18:38:27.133 +09:00 [DBG] Dispose socket
2021-08-30 18:38:27.137 +09:00 [DBG] Cancellation requested
2021-08-30 18:38:27.137 +09:00 [DBG] Signal process kill with helper tool.
2021-08-30 18:38:27.137 +09:00 [DBG] Starting process
2021-08-30 18:38:27.144 +09:00 [DBG] Start to read process output
2021-08-30 18:38:29.254 +09:00 [DBG] End reading process output
2021-08-30 18:38:29.355 +09:00 [DBG] Helper app --kill output: Kill success.
2021-08-30 18:38:29.355 +09:00 [DBG] Release process manager start lock
2021-08-30 18:38:29.356 +09:00 [DBG] Release process manager stop lock
2021-08-30 18:38:29.356 +09:00 [DBG] Disconnected
2021-08-30 18:38:29.356 +09:00 [DBG] Sending Metrics batches
2021-08-30 18:38:29.356 +09:00 [DBG] Metric agent started
2021-08-30 18:38:29.358 +09:00 [DBG] Checking if table MetricsTable is empty
2021-08-30 18:38:29.358 +09:00 [DBG] is empty: False
2021-08-30 18:38:29.361 +09:00 [DBG] Inserted event CONNECTION_END_TIME 1630316309 to AnalyticsTable
2021-08-30 18:38:29.363 +09:00 [DBG] Inserted event CONNECTION_DURATION 17537 to AnalyticsTable
2021-08-30 18:38:29.369 +09:00 [DBG] Inserted event UI_APP_VPN_CONNECT_GENERAL_ERROR 0 to MetricsTable
2021-08-30 18:38:29.451 +09:00 [DBG] Metrics event batch successfully created, sending metrics
2021-08-30 18:38:29.451 +09:00 [DBG] metrics region already exists in app: ap-northeast-1
2021-08-30 18:38:29.451 +09:00 [DBG] Sending metrics batch async
2021-08-30 18:38:29.451 +09:00 [DBG] OS: MacOS
2021-08-30 18:38:29.451 +09:00 [DBG] OS: MacOS
2021-08-30 18:38:29.451 +09:00 [DBG] OS: MacOS
2021-08-30 18:38:29.451 +09:00 [DBG] OS: MacOS
2021-08-30 18:38:29.451 +09:00 [DBG] OS: MacOS
2021-08-30 18:38:29.451 +09:00 [DBG] OS: MacOS
2021-08-30 18:38:29.451 +09:00 [DBG] Metrics data request created
2021-08-30 18:38:29.460 +09:00 [DBG] Sending Analytics Batches
2021-08-30 18:38:29.463 +09:00 [DBG] Checking if table AnalyticsTable is empty
2021-08-30 18:38:29.464 +09:00 [DBG] is empty: False
2021-08-30 18:38:29.471 +09:00 [DBG] Analytics event batch successfully created, sending analytics
2021-08-30 18:38:29.471 +09:00 [DBG] Sending analytics batch async
2021-08-30 18:38:29.471 +09:00 [DBG] metrics region already exists in app: ap-northeast-1
2021-08-30 18:38:29.471 +09:00 [DBG] Pinpoint endpoint ID already exists
2021-08-30 18:38:29.471 +09:00 [DBG] OSVersion: Unix 19.6.0.0
2021-08-30 18:38:29.471 +09:00 [DBG] OS: MacOS
2021-08-30 18:38:29.471 +09:00 [DBG] Endpoint ID: ap-northeast-1:d999a751-9f05-4814-9c7f-21eb27358894
2021-08-30 18:38:29.471 +09:00 [DBG] Pinpoint endpoint id: ap-northeast-1:d999a751-9f05-4814-9c7f-21eb27358894
2021-08-30 18:38:29.471 +09:00 [DBG] metrics region already exists in app: ap-northeast-1
2021-08-30 18:38:29.472 +09:00 [DBG] metrics region already exists in app: ap-northeast-1
2021-08-30 18:38:29.578 +09:00 [DBG] Caching credentials.
2021-08-30 18:38:29.737 +09:00 [DBG] 2021/08/30 18:38:29 Accepted
2021-08-30 18:38:29.737 +09:00 [DBG] successfully put analytics to pinpoint
2021-08-30 18:38:29.737 +09:00 [DBG] Events batch was accepted. Checking individual events for accepted status.
2021-08-30 18:38:29.741 +09:00 [DBG] Checking if table AnalyticsTable is empty
2021-08-30 18:38:29.741 +09:00 [DBG] is empty: True
2021-08-30 18:38:29.741 +09:00 [DBG] Finished sending batches of analytics to pinpoint.
2021-08-30 18:38:29.763 +09:00 [DBG] CloudWatch response received
2021-08-30 18:38:29.763 +09:00 [DBG] CloudWatch response status code: OK
2021-08-30 18:38:29.763 +09:00 [DBG] successfully put metrics to cloudwatch
2021-08-30 18:38:29.763 +09:00 [DBG] Deleting successfully sent batch of metric events
2021-08-30 18:38:29.766 +09:00 [DBG] Checking if table MetricsTable is empty
2021-08-30 18:38:29.766 +09:00 [DBG] is empty: True
2021-08-30 18:38:29.766 +09:00 [DBG] Finished sending batches of metrics to cloudwatch.
2021-08-30 19:38:29.402 +09:00 [DBG] Sending Metrics batches
2021-08-30 19:38:29.449 +09:00 [DBG] Checking if table MetricsTable is empty
2021-08-30 19:38:29.454 +09:00 [DBG] is empty: True
2021-08-30 19:38:29.454 +09:00 [DBG] Finished sending batches of metrics to cloudwatch.
2021-08-30 19:38:29.454 +09:00 [DBG] Sending Analytics Batches
2021-08-30 19:38:29.464 +09:00 [DBG] Checking if table AnalyticsTable is empty
2021-08-30 19:38:29.465 +09:00 [DBG] is empty: True
2021-08-30 19:38:29.465 +09:00 [DBG] Finished sending batches of analytics to pinpoint.
2021-08-30 20:38:29.454 +09:00 [DBG] Sending Metrics batches
2021-08-30 20:38:29.457 +09:00 [DBG] Checking if table MetricsTable is empty
2021-08-30 20:38:29.458 +09:00 [DBG] is empty: True
2021-08-30 20:38:29.458 +09:00 [DBG] Finished sending batches of metrics to cloudwatch.
2021-08-30 20:38:29.458 +09:00 [DBG] Sending Analytics Batches
2021-08-30 20:38:29.459 +09:00 [DBG] Checking if table AnalyticsTable is empty
2021-08-30 20:38:29.460 +09:00 [DBG] is empty: True
2021-08-30 20:38:29.460 +09:00 [DBG] Finished sending batches of analytics to pinpoint.
2021-08-30 21:38:29.366 +09:00 [DBG] Sending Metrics batches
2021-08-30 21:38:29.369 +09:00 [DBG] Checking if table MetricsTable is empty
2021-08-30 21:38:29.370 +09:00 [DBG] is empty: True
2021-08-30 21:38:29.370 +09:00 [DBG] Finished sending batches of metrics to cloudwatch.
2021-08-30 21:38:29.370 +09:00 [DBG] Sending Analytics Batches
2021-08-30 21:38:29.371 +09:00 [DBG] Checking if table AnalyticsTable is empty
2021-08-30 21:38:29.372 +09:00 [DBG] is empty: True
2021-08-30 21:38:29.372 +09:00 [DBG] Finished sending batches of analytics to pinpoint.
2021-08-30 22:38:29.346 +09:00 [DBG] Sending Metrics batches
2021-08-30 22:38:29.434 +09:00 [DBG] Checking if table MetricsTable is empty
2021-08-30 22:38:29.484 +09:00 [DBG] is empty: True
2021-08-30 22:38:29.484 +09:00 [DBG] Finished sending batches of metrics to cloudwatch.
2021-08-30 22:38:29.484 +09:00 [DBG] Sending Analytics Batches
2021-08-30 22:38:29.485 +09:00 [DBG] Checking if table AnalyticsTable is empty
2021-08-30 22:38:29.534 +09:00 [DBG] is empty: True
2021-08-30 22:38:29.534 +09:00 [DBG] Finished sending batches of analytics to pinpoint.
2021-08-30 23:12:43.014 +09:00 [DBG] Inserted event CLICK_TRAY_ICON 1 to AnalyticsTable
2021-08-30 23:12:43.020 +09:00 [DBG] Inserted event CLICK_TRAY_QUIT 1 to AnalyticsTable
2021-08-30 23:12:44.073 +09:00 [DBG] Caught exception when getting connection status. Exception information: System.TimeoutException: The message did not respond within the expected timeframe or was cancelled
  at ACVC.Core.OpenVpn.OvpnConnectionManager.SendMessage (System.String message, System.Int32 timeout, System.Threading.CancellationToken cancellationToken) [0x001ca] in <31f17d339caa4e67b9ad9d7f4a1b866a>:0 
  at ACVC.Core.OpenVpn.OvpnConnectionManager.GetConnectionStatus () [0x0007c] in <31f17d339caa4e67b9ad9d7f4a1b866a>:0 
  at ACVC.Core.Metrics.MetricsClient.RecordBytesMetricsAndAnalytics (ACVC.Core.IConnectionManager connectionManager) [0x00077] in <31f17d339caa4e67b9ad9d7f4a1b866a>:0 
2021-08-30 23:12:44.079 +09:00 [DBG] Inserted event UI_APP_VPN_CONNECT_GENERAL_ERROR 0 to MetricsTable
2021-08-30 23:12:44.082 +09:00 [INF] Terminating connection
2021-08-30 23:12:44.082 +09:00 [DBG] 🏞 Ending connection details reporting.
2021-08-30 23:12:44.082 +09:00 [WRN] We are calling GracefulKill in a method that is not supposed to change Connection state.
2021-08-30 23:12:44.082 +09:00 [DBG] GracefulKill
2021-08-30 23:12:44.082 +09:00 [DBG] Cancelling socket listen token
2021-08-30 23:12:44.082 +09:00 [DBG] Dispose socket
2021-08-30 23:12:44.082 +09:00 [DBG] Signal process kill with helper tool.
2021-08-30 23:12:44.083 +09:00 [DBG] Starting process
2021-08-30 23:12:44.088 +09:00 [DBG] Start to read process output
2021-08-30 23:12:44.088 +09:00 [DBG] Shutting down metrics agent
2021-08-30 23:12:44.088 +09:00 [DBG] Metrics agent shut down
