2021-09-11 19:39:35.422 +09:00 [INF] Logger initialized
2021-09-11 19:39:35.547 +09:00 [INF] Current OS Information:
2021-09-11 19:39:35.548 +09:00 [INF] Platform: "Unix"
2021-09-11 19:39:35.552 +09:00 [INF] Version String: Unix 19.6.0.0
2021-09-11 19:39:35.554 +09:00 [INF] OS description: Unix 19.6.0.0
2021-09-11 19:39:35.554 +09:00 [INF] OSX detected.
2021-09-11 19:39:36.056 +09:00 [INF] Loading attributes file from /Users/insightshiga/.config/AWSVPNClient/MetricsAttributes
2021-09-11 19:39:36.159 +09:00 [DBG] Metrics attributes saved to file: /Users/insightshiga/.config/AWSVPNClient/MetricsAttributes
2021-09-11 19:39:36.161 +09:00 [DBG] Database path: /Users/insightshiga/.config/AWSVPNClient/awsvpnclientmetrics.db
2021-09-11 19:39:36.163 +09:00 [INF] Loading profile store from /Users/insightshiga/.config/AWSVPNClient/ConnectionProfiles
2021-09-11 19:39:36.183 +09:00 [INF] Saving profile store to /Users/insightshiga/.config/AWSVPNClient/ConnectionProfiles
2021-09-11 19:39:36.196 +09:00 [DBG] Auto culture: ja-JP Auto UI culture: ja-JP
2021-09-11 19:39:36.198 +09:00 [DBG] Can successfully read and write app data folder.
2021-09-11 19:39:36.200 +09:00 [DBG] openVpnExePath: /Applications/AWS VPN Client/AWS VPN Client.app/Contents/Resources/openvpn/acvc-openvpn
2021-09-11 19:39:36.200 +09:00 [DBG] helperToolExePath: /Applications/AWS VPN Client/AWS VPN Client.app/Contents/Resources/AWS VPN Client/Contents/MacOS/ACVCHelperTool
2021-09-11 19:39:36.318 +09:00 [DBG] macOS viewDidLoad
2021-09-11 19:39:36.332 +09:00 [INF] Loading preferences file from /Users/insightshiga/.config/AWSVPNClient/Preferences
2021-09-11 19:39:36.435 +09:00 [DBG] Inserted event UI_APP_VPN_CONNECT_GENERAL_ERROR 0 to MetricsTable
2021-09-11 19:39:37.055 +09:00 [DBG] Inserted event APPLICATION_CRASH_DETECTED 0 to MetricsTable
2021-09-11 19:39:37.056 +09:00 [DBG] Current preferences schema version is 1, which is less or equal to current supported version: 1. 
2021-09-11 19:39:37.066 +09:00 [DBG] Metric agent started
2021-09-11 19:39:37.069 +09:00 [DBG] Sending Metrics batches
2021-09-11 19:39:37.074 +09:00 [DBG] Checking if table MetricsTable is empty
2021-09-11 19:39:37.079 +09:00 [DBG] is empty: False
2021-09-11 19:39:37.100 +09:00 [DBG] Metrics event batch successfully created, sending metrics
2021-09-11 19:39:37.167 +09:00 [DBG] Inserted event PROFILE_CONFIGURATION_VERSION 1 to AnalyticsTable
2021-09-11 19:39:37.167 +09:00 [DBG] Current metadata schema version is 1, which is less or equal to current supported version: 1. 
2021-09-11 19:39:37.170 +09:00 [DBG] Inserted event CLICK_LAUNCH_DESKTOP_APP 1 to AnalyticsTable
2021-09-11 19:39:37.183 +09:00 [DBG] AcvcHelperOutLog doesn't exist. Skipping
2021-09-11 19:39:37.183 +09:00 [DBG] AcvcHelperErrLog doesn't exist. Skipping
2021-09-11 19:39:37.254 +09:00 [DBG] Total logs size: 9971862 bytes
2021-09-11 19:39:37.257 +09:00 [DBG] Inserted event LOG_DISK_USAGE 9971862 to MetricsTable
2021-09-11 19:39:37.261 +09:00 [DBG] Inserted event LOG_DISK_USAGE 9971862 to AnalyticsTable
2021-09-11 19:39:37.301 +09:00 [DBG] /usr/bin/dig stdout: 
; <<>> DiG 9.10.6 <<>> pinpoint.metrics-awsvpnclient.us-east-1.amazonaws.com
;; global options: +cmd
;; Got answer:
;; ->>HEADER<<- opcode: QUERY, status: NOERROR, id: 31626
;; flags: qr rd ra; QUERY: 1, ANSWER: 5, AUTHORITY: 4, ADDITIONAL: 1

;; OPT PSEUDOSECTION:
; EDNS: version: 0, flags:; udp: 4096
;; QUESTION SECTION:
;pinpoint.metrics-awsvpnclient.us-east-1.amazonaws.com. IN A

;; ANSWER SECTION:
pinpoint.metrics-awsvpnclient.us-east-1.amazonaws.com. 900 IN CNAME pinpoint.ap-northeast-1.amazonaws.com.
pinpoint.ap-northeast-1.amazonaws.com. 60 IN A	13.225.174.27
pinpoint.ap-northeast-1.amazonaws.com. 60 IN A	13.225.174.104
pinpoint.ap-northeast-1.amazonaws.com. 60 IN A	13.225.174.69
pinpoint.ap-northeast-1.amazonaws.com. 60 IN A	13.225.174.125

;; AUTHORITY SECTION:
pinpoint.ap-northeast-1.amazonaws.com. 7574 IN NS ns-523.awsdns-01.net.
pinpoint.ap-northeast-1.amazonaws.com. 7574 IN NS ns-1113.awsdns-11.org.
pinpoint.ap-northeast-1.amazonaws.com. 7574 IN NS ns-1796.awsdns-32.co.uk.
pinpoint.ap-northeast-1.amazonaws.com. 7574 IN NS ns-205.awsdns-25.com.

;; Query time: 125 msec
;; SERVER: 2404:1a8:7f01:b::3#53(2404:1a8:7f01:b::3)
;; WHEN: Sat Sep 11 19:39:37 JST 2021
;; MSG SIZE  rcvd: 321


2021-09-11 19:39:37.305 +09:00 [DBG] /usr/bin/dig stderr: 
2021-09-11 19:39:37.306 +09:00 [DBG] /usr/bin/dig exit code: 0
2021-09-11 19:39:37.306 +09:00 [DBG] Error: 
2021-09-11 19:39:37.306 +09:00 [DBG] dig command result: pinpoint.ap-northeast-1.amazonaws.com.
2021-09-11 19:39:37.310 +09:00 [DBG] Storing metrics region ap-northeast-1 in app
2021-09-11 19:39:37.310 +09:00 [DBG] metrics region already exists in app: ap-northeast-1
2021-09-11 19:39:37.310 +09:00 [DBG] metrics region already exists in app: ap-northeast-1
2021-09-11 19:39:37.310 +09:00 [DBG] metrics region already exists in app: ap-northeast-1
2021-09-11 19:39:37.310 +09:00 [DBG] metrics region already exists in app: ap-northeast-1
2021-09-11 19:39:37.432 +09:00 [DBG] Fetching cached identity id.
2021-09-11 19:39:37.432 +09:00 [DBG] Looking up current region
2021-09-11 19:39:37.432 +09:00 [DBG] Current region is: ap-northeast-1
2021-09-11 19:39:37.432 +09:00 [DBG] Setting identityId and temporaryCredentials file paths.
2021-09-11 19:39:37.435 +09:00 [DBG] Caching identity id.
2021-09-11 19:39:37.437 +09:00 [DBG] Fetching cached credentials.
2021-09-11 19:39:37.437 +09:00 [DBG] Reading cached credentials file.
2021-09-11 19:39:37.442 +09:00 [DBG] Initializing credentials provider.
2021-09-11 19:39:37.443 +09:00 [DBG] Sending metrics batch async
2021-09-11 19:39:37.443 +09:00 [DBG] OS: MacOS
2021-09-11 19:39:37.444 +09:00 [DBG] OS: MacOS
2021-09-11 19:39:37.444 +09:00 [DBG] OS: MacOS
2021-09-11 19:39:37.444 +09:00 [DBG] Metrics data request created
2021-09-11 19:39:37.565 +09:00 [DBG] Sending Analytics Batches
2021-09-11 19:39:37.571 +09:00 [DBG] Checking if table AnalyticsTable is empty
2021-09-11 19:39:37.572 +09:00 [DBG] is empty: False
2021-09-11 19:39:37.573 +09:00 [DBG] Analytics event batch successfully created, sending analytics
2021-09-11 19:39:37.574 +09:00 [DBG] Sending analytics batch async
2021-09-11 19:39:37.574 +09:00 [DBG] metrics region already exists in app: ap-northeast-1
2021-09-11 19:39:37.574 +09:00 [DBG] Pinpoint endpoint ID already exists
2021-09-11 19:39:37.574 +09:00 [DBG] OSVersion: Unix 19.6.0.0
2021-09-11 19:39:37.574 +09:00 [DBG] OS: MacOS
2021-09-11 19:39:37.574 +09:00 [DBG] Endpoint ID: ap-northeast-1:d999a751-9f05-4814-9c7f-21eb27358894
2021-09-11 19:39:37.574 +09:00 [DBG] Pinpoint endpoint id: ap-northeast-1:d999a751-9f05-4814-9c7f-21eb27358894
2021-09-11 19:39:37.579 +09:00 [DBG] metrics region already exists in app: ap-northeast-1
2021-09-11 19:39:37.582 +09:00 [DBG] metrics region already exists in app: ap-northeast-1
2021-09-11 19:39:37.582 +09:00 [DBG] metrics region already exists in app: ap-northeast-1
2021-09-11 19:39:37.582 +09:00 [DBG] metrics region already exists in app: ap-northeast-1
2021-09-11 19:39:37.795 +09:00 [DBG] Caching credentials.
2021-09-11 19:39:37.920 +09:00 [DBG] CloudWatch response received
2021-09-11 19:39:37.920 +09:00 [DBG] CloudWatch response status code: OK
2021-09-11 19:39:37.920 +09:00 [DBG] successfully put metrics to cloudwatch
2021-09-11 19:39:37.920 +09:00 [DBG] Deleting successfully sent batch of metric events
2021-09-11 19:39:37.925 +09:00 [DBG] Checking if table MetricsTable is empty
2021-09-11 19:39:37.925 +09:00 [DBG] is empty: False
2021-09-11 19:39:37.926 +09:00 [DBG] Metrics event batch successfully created, sending metrics
2021-09-11 19:39:37.926 +09:00 [DBG] metrics region already exists in app: ap-northeast-1
2021-09-11 19:39:37.926 +09:00 [DBG] Sending metrics batch async
2021-09-11 19:39:37.926 +09:00 [DBG] OS: MacOS
2021-09-11 19:39:37.926 +09:00 [DBG] Metrics data request created
2021-09-11 19:39:37.959 +09:00 [DBG] 2021/09/11 19:39:37 Accepted
2021-09-11 19:39:37.959 +09:00 [DBG] successfully put analytics to pinpoint
2021-09-11 19:39:37.960 +09:00 [DBG] Events batch was accepted. Checking individual events for accepted status.
2021-09-11 19:39:37.966 +09:00 [DBG] Checking if table AnalyticsTable is empty
2021-09-11 19:39:37.967 +09:00 [DBG] is empty: True
2021-09-11 19:39:37.967 +09:00 [DBG] Finished sending batches of analytics to pinpoint.
2021-09-11 19:39:37.978 +09:00 [DBG] CloudWatch response received
2021-09-11 19:39:37.978 +09:00 [DBG] CloudWatch response status code: OK
2021-09-11 19:39:37.978 +09:00 [DBG] successfully put metrics to cloudwatch
2021-09-11 19:39:37.978 +09:00 [DBG] Deleting successfully sent batch of metric events
2021-09-11 19:39:37.983 +09:00 [DBG] Checking if table MetricsTable is empty
2021-09-11 19:39:37.983 +09:00 [DBG] is empty: True
2021-09-11 19:39:37.983 +09:00 [DBG] Finished sending batches of metrics to cloudwatch.
2021-09-11 19:39:43.616 +09:00 [INF] Saving profile store to /Users/insightshiga/.config/AWSVPNClient/ConnectionProfiles
2021-09-11 19:39:43.619 +09:00 [DBG] Inserted event CLICK_APP_CONNECT 1 to AnalyticsTable
2021-09-11 19:39:43.621 +09:00 [INF] Connecting /Users/insightshiga/.config/AWSVPNClient/OpenVpnConfigs/InsightStandardVPN 
2021-09-11 19:39:43.625 +09:00 [DBG] validationString: /Users/insightshiga/.config/AWSVPNClient/OpenVpnConfigs/InsightStandardVPN
1631356793
2021-09-11 19:39:43.629 +09:00 [DBG] Inserted event UI_APP_VPN_CONNECT_ATTEMPT 1 to AnalyticsTable
2021-09-11 19:39:43.629 +09:00 [DBG] Shutting down metrics agent
2021-09-11 19:39:43.630 +09:00 [DBG] Metrics agent shut down
2021-09-11 19:39:43.634 +09:00 [DBG] Inserted event UI_APP_VPN_CONNECT_GENERAL_ERROR 0 to MetricsTable
2021-09-11 19:39:43.887 +09:00 [INF] Starting OpenVpn process
2021-09-11 19:39:43.889 +09:00 [DBG] Starting process
2021-09-11 19:39:43.897 +09:00 [DBG] Start to read process output
2021-09-11 19:39:44.038 +09:00 [DBG] End reading process output
2021-09-11 19:39:44.109 +09:00 [DBG] Helper app --init output: Kill success.
2021-09-11 19:39:44.109 +09:00 [DBG] Connecting using command /Applications/AWS VPN Client/AWS VPN Client.app/Contents/Resources/AWS VPN Client/Contents/MacOS/ACVCHelperTool --start -c "/Users/insightshiga/.config/AWSVPNClient/OpenVpnConfigs/current_connection.txt" -p "/Users/insightshiga/.config/AWSVPNClient/acvc-8096.txt"
2021-09-11 19:39:44.109 +09:00 [DBG] Starting process
2021-09-11 19:39:44.113 +09:00 [DBG] Start to read process output
2021-09-11 19:39:44.582 +09:00 [DBG] End reading process output
2021-09-11 19:39:44.616 +09:00 [DBG] Helper app --start output: Start success.
2021-09-11 19:39:44.618 +09:00 [INF] Connecting to management interface... host 127.0.0.1, port 8096
2021-09-11 19:39:44.619 +09:00 [DBG] Socket connected
2021-09-11 19:39:44.619 +09:00 [DBG] Starting to listen to management port
2021-09-11 19:39:44.619 +09:00 [DBG] Called isAliveProcess
2021-09-11 19:39:44.623 +09:00 [INF] Received bytes: 15
2021-09-11 19:39:44.624 +09:00 [DBG] Message marshalling complete
2021-09-11 19:39:44.625 +09:00 [DBG] CM received: ENTER PASSWORD:
2021-09-11 19:39:44.629 +09:00 [INF] Validating schema for OpenVPN config: /Users/insightshiga/.config/AWSVPNClient/OpenVpnConfigs/InsightStandardVPN
2021-09-11 19:39:44.632 +09:00 [DBG] CM processsing: ENTER PASSWORD:
2021-09-11 19:39:44.632 +09:00 [DBG] Port needs password to connect
2021-09-11 19:39:44.633 +09:00 [DBG] Sending port password
2021-09-11 19:39:44.633 +09:00 [INF] Begin receive init again
2021-09-11 19:39:44.633 +09:00 [INF] Received bytes: 105
2021-09-11 19:39:44.634 +09:00 [DBG] Message marshalling complete
2021-09-11 19:39:44.634 +09:00 [DBG] CM received: SUCCESS: password is correct
>INFO:OpenVPN Management Interface Version 1 -- type 'help' for more info

2021-09-11 19:39:44.634 +09:00 [DBG] CM processsing: SUCCESS: password is correct
2021-09-11 19:39:44.634 +09:00 [DBG] 🥶 ONE lineSUCCESS: password is correct
2021-09-11 19:39:44.634 +09:00 [DBG] CM processsing: >INFO:OpenVPN Management Interface Version 1 -- type 'help' for more info
2021-09-11 19:39:44.635 +09:00 [DBG] Asking for real-time state and log notifications.
2021-09-11 19:39:44.637 +09:00 [DBG] Waiting fixed time for response.
2021-09-11 19:39:44.637 +09:00 [DBG] CM processsing: 
2021-09-11 19:39:44.637 +09:00 [DBG] 🥶 APPEND line
2021-09-11 19:39:44.638 +09:00 [INF] Begin receive init again
2021-09-11 19:39:44.638 +09:00 [INF] Received bytes: 175
2021-09-11 19:39:44.638 +09:00 [DBG] Message marshalling complete
2021-09-11 19:39:44.638 +09:00 [DBG] CM received: >PASSWORD:Need 'Auth' username/password
SUCCESS: real-time state notification set to ON
SUCCESS: real-time log notification set to ON
>LOG:1631356784,D,MANAGEMENT: CMD ''

2021-09-11 19:39:44.638 +09:00 [DBG] CM processsing: >PASSWORD:Need 'Auth' username/password
2021-09-11 19:39:44.639 +09:00 [DBG] CM received user/pass request: >PASSWORD:Need 'Auth' username/password
2021-09-11 19:39:44.639 +09:00 [DBG] No MFA configured.
2021-09-11 19:39:44.640 +09:00 [INF] Successfully validated /Users/insightshiga/.config/AWSVPNClient/OpenVpnConfigs/InsightStandardVPN
2021-09-11 19:39:44.644 +09:00 [DBG] Inserted event CONNECTION_PROFILE_TYPE 1 to AnalyticsTable
2021-09-11 19:39:44.691 +09:00 [DBG] Challenge echo received in login view: 
2021-09-11 19:39:44.728 +09:00 [DBG] CM processsing: SUCCESS: real-time state notification set to ON
2021-09-11 19:39:44.728 +09:00 [DBG] Response recieved for: state on
2021-09-11 19:39:44.728 +09:00 [DBG] Assume real-time state notifications are on. Received: SUCCESS: real-time state notification set to ON
2021-09-11 19:39:44.728 +09:00 [DBG] CM processsing: SUCCESS: real-time log notification set to ON
2021-09-11 19:39:44.728 +09:00 [DBG] Response recieved for: log on
2021-09-11 19:39:44.728 +09:00 [DBG] CM processsing: >LOG:1631356784,D,MANAGEMENT: CMD ''
2021-09-11 19:39:44.733 +09:00 [DBG] CM processsing: 
2021-09-11 19:39:44.733 +09:00 [DBG] 🥶 APPEND line
2021-09-11 19:39:44.733 +09:00 [INF] Begin receive init again
2021-09-11 19:40:19.720 +09:00 [DBG] Login ok button clicked.
2021-09-11 19:40:19.722 +09:00 [DBG] Sending username for login.
2021-09-11 19:40:19.725 +09:00 [INF] Received bytes: 68
2021-09-11 19:40:19.725 +09:00 [DBG] Message marshalling complete
2021-09-11 19:40:19.725 +09:00 [DBG] CM received: >LOG:1631356819,D,MANAGEMENT: CMD 'username "Auth" akitoshi.shiga'

2021-09-11 19:40:19.725 +09:00 [DBG] CM processsing: >LOG:1631356819,D,MANAGEMENT: CMD 'username "Auth" akitoshi.shiga'
2021-09-11 19:40:19.726 +09:00 [DBG] CM processsing: 
2021-09-11 19:40:19.726 +09:00 [DBG] 🥶 APPEND line
2021-09-11 19:40:19.726 +09:00 [INF] Begin receive init again
2021-09-11 19:40:19.731 +09:00 [INF] Received bytes: 94
2021-09-11 19:40:19.731 +09:00 [DBG] Message marshalling complete
2021-09-11 19:40:19.731 +09:00 [DBG] CM received: SUCCESS: 'Auth' username entered, but not yet verified
>LOG:1631356819,D,MANAGEMENT: CMD ''

2021-09-11 19:40:19.731 +09:00 [DBG] CM processsing: SUCCESS: 'Auth' username entered, but not yet verified
2021-09-11 19:40:19.731 +09:00 [DBG] 🥶 ONE lineSUCCESS: 'Auth' username entered, but not yet verified
2021-09-11 19:40:19.731 +09:00 [DBG] Sending password for login.
2021-09-11 19:40:19.731 +09:00 [DBG] CM processsing: >LOG:1631356819,D,MANAGEMENT: CMD ''
2021-09-11 19:40:19.731 +09:00 [DBG] CM processsing: 
2021-09-11 19:40:19.731 +09:00 [DBG] 🥶 APPEND line
2021-09-11 19:40:19.732 +09:00 [INF] Begin receive init again
2021-09-11 19:40:19.732 +09:00 [INF] Received bytes: 146
2021-09-11 19:40:19.732 +09:00 [DBG] Message marshalling complete
2021-09-11 19:40:19.732 +09:00 [DBG] CM received: >LOG:1631356819,D,MANAGEMENT: CMD 'password [...]'
SUCCESS: 'Auth' password entered, but not yet verified
>LOG:1631356819,D,MANAGEMENT: CMD ''

2021-09-11 19:40:19.732 +09:00 [DBG] CM processsing: >LOG:1631356819,D,MANAGEMENT: CMD 'password [...]'
2021-09-11 19:40:19.732 +09:00 [DBG] CM processsing: SUCCESS: 'Auth' password entered, but not yet verified
2021-09-11 19:40:19.732 +09:00 [DBG] 🥶 ONE lineSUCCESS: 'Auth' password entered, but not yet verified
2021-09-11 19:40:19.732 +09:00 [DBG] CM processsing: >LOG:1631356819,D,MANAGEMENT: CMD ''
2021-09-11 19:40:19.732 +09:00 [DBG] CM processsing: 
2021-09-11 19:40:19.732 +09:00 [DBG] 🥶 APPEND line
2021-09-11 19:40:19.732 +09:00 [INF] Begin receive init again
2021-09-11 19:40:19.797 +09:00 [INF] Received bytes: 577
2021-09-11 19:40:19.797 +09:00 [DBG] Message marshalling complete
2021-09-11 19:40:19.797 +09:00 [DBG] CM received: >LOG:1631356819,W,NOTE: the current --script-security setting may allow this configuration to call user-defined scripts
>LOG:1631356819,,MANAGEMENT: >STATE:1631356819,RESOLVE,,,,,,
>STATE:1631356819,RESOLVE,,,,,,
>LOG:1631356819,I,TCP/UDP: Preserving recently used remote address: [AF_INET]35.72.193.57:443
>LOG:1631356819,,Socket Buffers: R=[786896->786896] S=[9216->9216]
>LOG:1631356819,I,UDP link local: (not bound)
>LOG:1631356819,I,UDP link remote: [AF_INET]35.72.193.57:443
>LOG:1631356819,,MANAGEMENT: >STATE:1631356819,WAIT,,,,,,
>STATE:1631356819,WAIT,,,,,,

2021-09-11 19:40:19.797 +09:00 [DBG] CM processsing: >LOG:1631356819,W,NOTE: the current --script-security setting may allow this configuration to call user-defined scripts
2021-09-11 19:40:19.797 +09:00 [DBG] CM processsing: >LOG:1631356819,,MANAGEMENT: >STATE:1631356819,RESOLVE,,,,,,
2021-09-11 19:40:19.798 +09:00 [DBG] CM received state: >LOG:1631356819,,MANAGEMENT: >STATE:1631356819,RESOLVE,,,,,,
2021-09-11 19:40:19.798 +09:00 [DBG] CM processsing: >STATE:1631356819,RESOLVE,,,,,,
2021-09-11 19:40:19.798 +09:00 [DBG] CM received state: >STATE:1631356819,RESOLVE,,,,,,
2021-09-11 19:40:19.798 +09:00 [DBG] CM processsing: >LOG:1631356819,I,TCP/UDP: Preserving recently used remote address: [AF_INET]35.72.193.57:443
2021-09-11 19:40:19.798 +09:00 [DBG] CM processsing: >LOG:1631356819,,Socket Buffers: R=[786896->786896] S=[9216->9216]
2021-09-11 19:40:19.798 +09:00 [DBG] CM processsing: >LOG:1631356819,I,UDP link local: (not bound)
2021-09-11 19:40:19.798 +09:00 [DBG] CM processsing: >LOG:1631356819,I,UDP link remote: [AF_INET]35.72.193.57:443
2021-09-11 19:40:19.798 +09:00 [DBG] CM processsing: >LOG:1631356819,,MANAGEMENT: >STATE:1631356819,WAIT,,,,,,
2021-09-11 19:40:19.798 +09:00 [DBG] CM received state: >LOG:1631356819,,MANAGEMENT: >STATE:1631356819,WAIT,,,,,,
2021-09-11 19:40:19.798 +09:00 [DBG] CM processsing: >STATE:1631356819,WAIT,,,,,,
2021-09-11 19:40:19.798 +09:00 [DBG] CM received state: >STATE:1631356819,WAIT,,,,,,
2021-09-11 19:40:19.798 +09:00 [DBG] CM processsing: 
2021-09-11 19:40:19.798 +09:00 [DBG] 🥶 APPEND line
2021-09-11 19:40:19.798 +09:00 [INF] Begin receive init again
2021-09-11 19:40:19.808 +09:00 [INF] Received bytes: 181
2021-09-11 19:40:19.809 +09:00 [DBG] Message marshalling complete
2021-09-11 19:40:19.809 +09:00 [DBG] CM received: >LOG:1631356819,,MANAGEMENT: >STATE:1631356819,AUTH,,,,,,
>STATE:1631356819,AUTH,,,,,,
>LOG:1631356819,,TLS: Initial packet from [AF_INET]35.72.193.57:443, sid=615574b0 6bd0cb80

2021-09-11 19:40:19.809 +09:00 [DBG] CM processsing: >LOG:1631356819,,MANAGEMENT: >STATE:1631356819,AUTH,,,,,,
2021-09-11 19:40:19.809 +09:00 [DBG] CM received state: >LOG:1631356819,,MANAGEMENT: >STATE:1631356819,AUTH,,,,,,
2021-09-11 19:40:19.809 +09:00 [DBG] CM processsing: >STATE:1631356819,AUTH,,,,,,
2021-09-11 19:40:19.809 +09:00 [DBG] CM received state: >STATE:1631356819,AUTH,,,,,,
2021-09-11 19:40:19.809 +09:00 [DBG] CM processsing: >LOG:1631356819,,TLS: Initial packet from [AF_INET]35.72.193.57:443, sid=615574b0 6bd0cb80
2021-09-11 19:40:19.809 +09:00 [DBG] CM processsing: 
2021-09-11 19:40:19.809 +09:00 [DBG] 🥶 APPEND line
2021-09-11 19:40:19.809 +09:00 [INF] Begin receive init again
2021-09-11 19:40:19.809 +09:00 [INF] Received bytes: 124
2021-09-11 19:40:19.809 +09:00 [DBG] Message marshalling complete
2021-09-11 19:40:19.809 +09:00 [DBG] CM received: >LOG:1631356819,W,WARNING: this configuration may cache passwords in memory -- use the auth-nocache option to prevent this

2021-09-11 19:40:19.809 +09:00 [DBG] CM processsing: >LOG:1631356819,W,WARNING: this configuration may cache passwords in memory -- use the auth-nocache option to prevent this
2021-09-11 19:40:19.810 +09:00 [DBG] CM processsing: 
2021-09-11 19:40:19.810 +09:00 [DBG] 🥶 APPEND line
2021-09-11 19:40:19.810 +09:00 [INF] Begin receive init again
2021-09-11 19:40:19.819 +09:00 [INF] Received bytes: 364
2021-09-11 19:40:19.819 +09:00 [DBG] Message marshalling complete
2021-09-11 19:40:19.819 +09:00 [DBG] CM received: >LOG:1631356819,,VERIFY OK: depth=1, CN=insight-inc.biz
>LOG:1631356819,,VERIFY KU OK
>LOG:1631356819,,Validating certificate extended key usage
>LOG:1631356819,,++ Certificate has EKU (str) TLS Web Server Authentication, expects TLS Web Server Authentication
>LOG:1631356819,,VERIFY EKU OK
>LOG:1631356819,,VERIFY OK: depth=0, CN=vpn-server.insight-inc.biz

2021-09-11 19:40:19.819 +09:00 [DBG] CM processsing: >LOG:1631356819,,VERIFY OK: depth=1, CN=insight-inc.biz
2021-09-11 19:40:19.819 +09:00 [DBG] CM processsing: >LOG:1631356819,,VERIFY KU OK
2021-09-11 19:40:19.819 +09:00 [DBG] CM processsing: >LOG:1631356819,,Validating certificate extended key usage
2021-09-11 19:40:19.819 +09:00 [DBG] CM processsing: >LOG:1631356819,,++ Certificate has EKU (str) TLS Web Server Authentication, expects TLS Web Server Authentication
2021-09-11 19:40:19.819 +09:00 [DBG] CM processsing: >LOG:1631356819,,VERIFY EKU OK
2021-09-11 19:40:19.819 +09:00 [DBG] CM processsing: >LOG:1631356819,,VERIFY OK: depth=0, CN=vpn-server.insight-inc.biz
2021-09-11 19:40:19.819 +09:00 [DBG] CM processsing: 
2021-09-11 19:40:19.819 +09:00 [DBG] 🥶 APPEND line
2021-09-11 19:40:19.819 +09:00 [INF] Begin receive init again
2021-09-11 19:40:19.835 +09:00 [INF] Received bytes: 210
2021-09-11 19:40:19.835 +09:00 [DBG] Message marshalling complete
2021-09-11 19:40:19.835 +09:00 [DBG] CM received: >LOG:1631356819,,Control Channel: TLSv1.2, cipher TLSv1/SSLv3 ECDHE-RSA-AES256-GCM-SHA384, 2048 bit RSA
>LOG:1631356819,I,[vpn-server.insight-inc.biz] Peer Connection Initiated with [AF_INET]35.72.193.57:443

2021-09-11 19:40:19.835 +09:00 [DBG] CM processsing: >LOG:1631356819,,Control Channel: TLSv1.2, cipher TLSv1/SSLv3 ECDHE-RSA-AES256-GCM-SHA384, 2048 bit RSA
2021-09-11 19:40:19.836 +09:00 [DBG] CM processsing: >LOG:1631356819,I,[vpn-server.insight-inc.biz] Peer Connection Initiated with [AF_INET]35.72.193.57:443
2021-09-11 19:40:19.836 +09:00 [DBG] CM processsing: 
2021-09-11 19:40:19.836 +09:00 [DBG] 🥶 APPEND line
2021-09-11 19:40:19.836 +09:00 [INF] Begin receive init again
2021-09-11 19:40:21.078 +09:00 [INF] Received bytes: 188
2021-09-11 19:40:21.078 +09:00 [DBG] Message marshalling complete
2021-09-11 19:40:21.078 +09:00 [DBG] CM received: >LOG:1631356821,,MANAGEMENT: >STATE:1631356821,GET_CONFIG,,,,,,
>STATE:1631356821,GET_CONFIG,,,,,,
>LOG:1631356821,,SENT CONTROL [vpn-server.insight-inc.biz]: 'PUSH_REQUEST' (status=1)

2021-09-11 19:40:21.078 +09:00 [DBG] CM processsing: >LOG:1631356821,,MANAGEMENT: >STATE:1631356821,GET_CONFIG,,,,,,
2021-09-11 19:40:21.078 +09:00 [DBG] CM received state: >LOG:1631356821,,MANAGEMENT: >STATE:1631356821,GET_CONFIG,,,,,,
2021-09-11 19:40:21.078 +09:00 [DBG] CM processsing: >STATE:1631356821,GET_CONFIG,,,,,,
2021-09-11 19:40:21.078 +09:00 [DBG] CM received state: >STATE:1631356821,GET_CONFIG,,,,,,
2021-09-11 19:40:21.078 +09:00 [DBG] CM processsing: >LOG:1631356821,,SENT CONTROL [vpn-server.insight-inc.biz]: 'PUSH_REQUEST' (status=1)
2021-09-11 19:40:21.078 +09:00 [DBG] CM processsing: 
2021-09-11 19:40:21.079 +09:00 [DBG] 🥶 APPEND line
2021-09-11 19:40:21.079 +09:00 [INF] Begin receive init again
2021-09-11 19:40:23.541 +09:00 [INF] Received bytes: 2033
2021-09-11 19:40:23.541 +09:00 [DBG] Message marshalling complete
2021-09-11 19:40:23.541 +09:00 [DBG] CM received: >LOG:1631356821,,PUSH: Received control message: 'PUSH_REPLY,redirect-gateway def1 bypass-dhcp,route-gateway 172.16.0.161,topology subnet,ping 1,ping-restart 20,ifconfig 172.16.0.162 255.255.255.224,peer-id 0,cipher AES-256-GCM'
>LOG:1631356821,,OPTIONS IMPORT: timers and/or timeouts modified
>LOG:1631356821,,OPTIONS IMPORT: --ifconfig/up options modified
>LOG:1631356821,,OPTIONS IMPORT: route options modified
>LOG:1631356821,,OPTIONS IMPORT: route-related options modified
>LOG:1631356821,,OPTIONS IMPORT: peer-id set
>LOG:1631356821,,OPTIONS IMPORT: adjusting link_mtu to 1624
>LOG:1631356821,,OPTIONS IMPORT: data channel crypto options modified
>LOG:1631356821,,Outgoing Data Channel: Cipher 'AES-256-GCM' initialized with 256 bit key
>LOG:1631356821,,Incoming Data Channel: Cipher 'AES-256-GCM' initialized with 256 bit key
>LOG:1631356821,,ROUTE_GATEWAY 192.168.0.1/255.255.255.0 IFACE=en9 HWADDR=80:3f:5d:01:8b:6f
>LOG:1631356821,,Opening utun (connect(AF_SYS_CONTROL)): Resource busy (errno=16)
>LOG:1631356821,,Opening utun (connect(AF_SYS_CONTROL)): Resource busy (errno=16)
>LOG:1631356821,I,Opened utun device utun2
>LOG:1631356821,D,do_ifconfig, tt->did_ifconfig_ipv6_setup=0
>LOG:1631356821,,MANAGEMENT: >STATE:1631356821,ASSIGN_IP,,172.16.0.162,,,,
>STATE:1631356821,ASSIGN_IP,,172.16.0.162,,,,
>LOG:1631356821,I,/sbin/ifconfig utun2 delete
>LOG:1631356821,I,NOTE: Tried to delete pre-existing tun/tap instance -- No Problem if failure
>LOG:1631356821,I,/sbin/ifconfig utun2 172.16.0.162 172.16.0.162 netmask 255.255.255.224 mtu 1500 up
>LOG:1631356821,,/sbin/route add -net 172.16.0.160 172.16.0.162 255.255.255.224
>LOG:1631356821,I,/Applications/AWS VPN Client/AWS VPN Client.app/Contents/Resources/openvpn/client.up utun2 1500 1552 172.16.0.162 255.255.255.224 init
>LOG:1631356823,,/sbin/route add -net 35.72.193.57 192.168.0.1 255.255.255.255
>LOG:1631356823,,/sbin/route add -net 0.0.0.0 172.16.0.161 128.0.0.0
>LOG:1631356823,,/sbin/route add -net 128.0.0.0 172.16.0.161 128.0.0.0

2021-09-11 19:40:23.541 +09:00 [DBG] CM processsing: >LOG:1631356821,,PUSH: Received control message: 'PUSH_REPLY,redirect-gateway def1 bypass-dhcp,route-gateway 172.16.0.161,topology subnet,ping 1,ping-restart 20,ifconfig 172.16.0.162 255.255.255.224,peer-id 0,cipher AES-256-GCM'
2021-09-11 19:40:23.541 +09:00 [DBG] CM processsing: >LOG:1631356821,,OPTIONS IMPORT: timers and/or timeouts modified
2021-09-11 19:40:23.541 +09:00 [DBG] CM processsing: >LOG:1631356821,,OPTIONS IMPORT: --ifconfig/up options modified
2021-09-11 19:40:23.541 +09:00 [DBG] CM processsing: >LOG:1631356821,,OPTIONS IMPORT: route options modified
2021-09-11 19:40:23.541 +09:00 [DBG] CM processsing: >LOG:1631356821,,OPTIONS IMPORT: route-related options modified
2021-09-11 19:40:23.541 +09:00 [DBG] CM processsing: >LOG:1631356821,,OPTIONS IMPORT: peer-id set
2021-09-11 19:40:23.541 +09:00 [DBG] CM processsing: >LOG:1631356821,,OPTIONS IMPORT: adjusting link_mtu to 1624
2021-09-11 19:40:23.542 +09:00 [DBG] CM processsing: >LOG:1631356821,,OPTIONS IMPORT: data channel crypto options modified
2021-09-11 19:40:23.542 +09:00 [DBG] CM processsing: >LOG:1631356821,,Outgoing Data Channel: Cipher 'AES-256-GCM' initialized with 256 bit key
2021-09-11 19:40:23.542 +09:00 [DBG] CM processsing: >LOG:1631356821,,Incoming Data Channel: Cipher 'AES-256-GCM' initialized with 256 bit key
2021-09-11 19:40:23.542 +09:00 [DBG] CM processsing: >LOG:1631356821,,ROUTE_GATEWAY 192.168.0.1/255.255.255.0 IFACE=en9 HWADDR=80:3f:5d:01:8b:6f
2021-09-11 19:40:23.542 +09:00 [DBG] CM processsing: >LOG:1631356821,,Opening utun (connect(AF_SYS_CONTROL)): Resource busy (errno=16)
2021-09-11 19:40:23.542 +09:00 [DBG] CM processsing: >LOG:1631356821,,Opening utun (connect(AF_SYS_CONTROL)): Resource busy (errno=16)
2021-09-11 19:40:23.542 +09:00 [DBG] CM processsing: >LOG:1631356821,I,Opened utun device utun2
2021-09-11 19:40:23.542 +09:00 [DBG] CM processsing: >LOG:1631356821,D,do_ifconfig, tt->did_ifconfig_ipv6_setup=0
2021-09-11 19:40:23.542 +09:00 [DBG] CM processsing: >LOG:1631356821,,MANAGEMENT: >STATE:1631356821,ASSIGN_IP,,172.16.0.162,,,,
2021-09-11 19:40:23.542 +09:00 [DBG] CM received state: >LOG:1631356821,,MANAGEMENT: >STATE:1631356821,ASSIGN_IP,,172.16.0.162,,,,
2021-09-11 19:40:23.542 +09:00 [DBG] CM processsing: >STATE:1631356821,ASSIGN_IP,,172.16.0.162,,,,
2021-09-11 19:40:23.542 +09:00 [DBG] CM received state: >STATE:1631356821,ASSIGN_IP,,172.16.0.162,,,,
2021-09-11 19:40:23.542 +09:00 [DBG] CM processsing: >LOG:1631356821,I,/sbin/ifconfig utun2 delete
2021-09-11 19:40:23.542 +09:00 [DBG] CM processsing: >LOG:1631356821,I,NOTE: Tried to delete pre-existing tun/tap instance -- No Problem if failure
2021-09-11 19:40:23.542 +09:00 [DBG] CM processsing: >LOG:1631356821,I,/sbin/ifconfig utun2 172.16.0.162 172.16.0.162 netmask 255.255.255.224 mtu 1500 up
2021-09-11 19:40:23.542 +09:00 [DBG] CM processsing: >LOG:1631356821,,/sbin/route add -net 172.16.0.160 172.16.0.162 255.255.255.224
2021-09-11 19:40:23.542 +09:00 [DBG] CM processsing: >LOG:1631356821,I,/Applications/AWS VPN Client/AWS VPN Client.app/Contents/Resources/openvpn/client.up utun2 1500 1552 172.16.0.162 255.255.255.224 init
2021-09-11 19:40:23.543 +09:00 [DBG] CM processsing: >LOG:1631356823,,/sbin/route add -net 35.72.193.57 192.168.0.1 255.255.255.255
2021-09-11 19:40:23.543 +09:00 [DBG] CM processsing: >LOG:1631356823,,/sbin/route add -net 0.0.0.0 172.16.0.161 128.0.0.0
2021-09-11 19:40:23.543 +09:00 [DBG] CM processsing: >LOG:1631356823,,/sbin/route add -net 128.0.0.0 172.16.0.161 128.0.0.0
2021-09-11 19:40:23.543 +09:00 [DBG] CM processsing: 
2021-09-11 19:40:23.543 +09:00 [DBG] 🥶 APPEND line
2021-09-11 19:40:23.543 +09:00 [INF] Begin receive init again
2021-09-11 19:40:23.543 +09:00 [INF] Received bytes: 220
2021-09-11 19:40:23.543 +09:00 [DBG] Message marshalling complete
2021-09-11 19:40:23.544 +09:00 [DBG] CM received: >LOG:1631356823,I,Initialization Sequence Completed
>LOG:1631356823,,MANAGEMENT: >STATE:1631356823,CONNECTED,SUCCESS,172.16.0.162,35.72.193.57,443,,
>STATE:1631356823,CONNECTED,SUCCESS,172.16.0.162,35.72.193.57,443,,

2021-09-11 19:40:23.544 +09:00 [DBG] CM processsing: >LOG:1631356823,I,Initialization Sequence Completed
2021-09-11 19:40:23.544 +09:00 [DBG] CM processsing: >LOG:1631356823,,MANAGEMENT: >STATE:1631356823,CONNECTED,SUCCESS,172.16.0.162,35.72.193.57,443,,
2021-09-11 19:40:23.544 +09:00 [DBG] CM received state: >LOG:1631356823,,MANAGEMENT: >STATE:1631356823,CONNECTED,SUCCESS,172.16.0.162,35.72.193.57,443,,
2021-09-11 19:40:23.549 +09:00 [DBG] Inserted event UI_APP_VPN_CONNECT_SUCCESS 1 to AnalyticsTable
2021-09-11 19:40:23.552 +09:00 [DBG] Inserted event CONNECTION_START_TIME 1631356823 to AnalyticsTable
2021-09-11 19:40:23.556 +09:00 [DBG] Inserted event CONNECTION_INITIALIZATION_TIME 40 to MetricsTable
2021-09-11 19:40:23.560 +09:00 [DBG] Inserted event CONNECTION_INITIALIZATION_TIME 40 to AnalyticsTable
2021-09-11 19:40:23.564 +09:00 [DBG] Inserted event UI_APP_VPN_CONNECT_GENERAL_ERROR 0 to MetricsTable
2021-09-11 19:40:23.565 +09:00 [DBG] Management port password authenticated.
2021-09-11 19:40:23.565 +09:00 [DBG] CM processsing: >STATE:1631356823,CONNECTED,SUCCESS,172.16.0.162,35.72.193.57,443,,
2021-09-11 19:40:23.565 +09:00 [DBG] CM received state: >STATE:1631356823,CONNECTED,SUCCESS,172.16.0.162,35.72.193.57,443,,
2021-09-11 19:40:23.573 +09:00 [DBG] Inserted event UI_APP_VPN_CONNECT_SUCCESS 1 to AnalyticsTable
2021-09-11 19:40:23.577 +09:00 [DBG] Inserted event UI_APP_VPN_CONNECT_GENERAL_ERROR 0 to MetricsTable
2021-09-11 19:40:23.577 +09:00 [DBG] Management port password authenticated.
2021-09-11 19:40:23.577 +09:00 [DBG] Destroyed management port password file on authentication.
2021-09-11 19:40:23.577 +09:00 [DBG] CM processsing: 
2021-09-11 19:40:23.577 +09:00 [DBG] 🥶 APPEND line
2021-09-11 19:40:23.577 +09:00 [INF] Begin receive init again
2021-09-11 19:40:33.822 +09:00 [DBG] Inserted event CLICK_APP_DISCONNECT 1 to AnalyticsTable
2021-09-11 19:40:33.826 +09:00 [INF] Received bytes: 232
2021-09-11 19:40:33.827 +09:00 [DBG] Message marshalling complete
2021-09-11 19:40:33.827 +09:00 [DBG] CM received: >LOG:1631356833,D,MANAGEMENT: CMD 'status'
OpenVPN STATISTICS
Updated,Sat Sep 11 19:40:33 2021
TUN/TAP read bytes,23113
TUN/TAP write bytes,24992
TCP/UDP read bytes,29469
TCP/UDP write bytes,27043
Auth read bytes,25152
END

2021-09-11 19:40:33.827 +09:00 [DBG] CM processsing: >LOG:1631356833,D,MANAGEMENT: CMD 'status'
2021-09-11 19:40:33.827 +09:00 [DBG] CM processsing: OpenVPN STATISTICS
2021-09-11 19:40:33.827 +09:00 [DBG] 🥶 APPEND line
2021-09-11 19:40:33.827 +09:00 [DBG] CM processsing: Updated,Sat Sep 11 19:40:33 2021
2021-09-11 19:40:33.827 +09:00 [DBG] 🥶 APPEND line
2021-09-11 19:40:33.827 +09:00 [DBG] CM processsing: TUN/TAP read bytes,23113
2021-09-11 19:40:33.827 +09:00 [DBG] 🥶 APPEND line
2021-09-11 19:40:33.827 +09:00 [DBG] CM processsing: TUN/TAP write bytes,24992
2021-09-11 19:40:33.828 +09:00 [DBG] 🥶 APPEND line
2021-09-11 19:40:33.828 +09:00 [DBG] CM processsing: TCP/UDP read bytes,29469
2021-09-11 19:40:33.828 +09:00 [DBG] 🥶 APPEND line
2021-09-11 19:40:33.828 +09:00 [DBG] CM processsing: TCP/UDP write bytes,27043
2021-09-11 19:40:33.828 +09:00 [DBG] 🥶 APPEND line
2021-09-11 19:40:33.828 +09:00 [DBG] CM processsing: Auth read bytes,25152
2021-09-11 19:40:33.828 +09:00 [DBG] 🥶 APPEND line
2021-09-11 19:40:33.828 +09:00 [DBG] CM processsing: END
2021-09-11 19:40:33.828 +09:00 [DBG] 🥶 END
2021-09-11 19:40:33.828 +09:00 [DBG] CM processsing: 
2021-09-11 19:40:33.828 +09:00 [DBG] 🥶 APPEND line
2021-09-11 19:40:33.828 +09:00 [INF] Begin receive init again
2021-09-11 19:40:33.837 +09:00 [DBG] Already received bytes: 29469
2021-09-11 19:40:33.837 +09:00 [DBG] Already sent bytes: 27043
2021-09-11 19:40:33.843 +09:00 [DBG] Inserted event CONNECTION_BYTES_SENT 27043 to AnalyticsTable
2021-09-11 19:40:33.848 +09:00 [DBG] Inserted event CONNECTION_BYTES_RECEIVED 29469 to AnalyticsTable
2021-09-11 19:40:33.853 +09:00 [DBG] Inserted event UI_APP_VPN_CONNECT_GENERAL_ERROR 0 to MetricsTable
2021-09-11 19:40:33.855 +09:00 [INF] Terminating connection
2021-09-11 19:40:33.856 +09:00 [DBG] 🏞 Ending connection details reporting.
2021-09-11 19:40:33.856 +09:00 [WRN] We are calling GracefulKill in a method that is not supposed to change Connection state.
2021-09-11 19:40:33.857 +09:00 [DBG] GracefulKill
2021-09-11 19:40:33.860 +09:00 [DBG] Cancelling socket listen token
2021-09-11 19:40:33.861 +09:00 [DBG] Dispose socket
2021-09-11 19:40:33.862 +09:00 [DBG] Signal process kill with helper tool.
2021-09-11 19:40:33.862 +09:00 [DBG] Starting process
2021-09-11 19:40:33.867 +09:00 [DBG] Start to read process output
2021-09-11 19:40:33.872 +09:00 [DBG] Cancellation requested
2021-09-11 19:40:36.053 +09:00 [DBG] End reading process output
2021-09-11 19:40:36.074 +09:00 [DBG] Helper app --kill output: Kill success.
2021-09-11 19:40:36.075 +09:00 [DBG] Release process manager start lock
2021-09-11 19:40:36.075 +09:00 [DBG] Release process manager stop lock
2021-09-11 19:40:36.075 +09:00 [DBG] Disconnected
2021-09-11 19:40:36.075 +09:00 [DBG] Metric agent started
2021-09-11 19:40:36.075 +09:00 [DBG] Sending Metrics batches
2021-09-11 19:40:36.078 +09:00 [DBG] Checking if table MetricsTable is empty
2021-09-11 19:40:36.078 +09:00 [DBG] is empty: False
2021-09-11 19:40:36.079 +09:00 [DBG] Inserted event CONNECTION_END_TIME 1631356836 to AnalyticsTable
2021-09-11 19:40:36.081 +09:00 [DBG] Metrics event batch successfully created, sending metrics
2021-09-11 19:40:36.082 +09:00 [DBG] metrics region already exists in app: ap-northeast-1
2021-09-11 19:40:36.082 +09:00 [DBG] Sending metrics batch async
2021-09-11 19:40:36.082 +09:00 [DBG] OS: MacOS
2021-09-11 19:40:36.082 +09:00 [DBG] OS: MacOS
2021-09-11 19:40:36.082 +09:00 [DBG] OS: MacOS
2021-09-11 19:40:36.082 +09:00 [DBG] OS: MacOS
2021-09-11 19:40:36.082 +09:00 [DBG] OS: MacOS
2021-09-11 19:40:36.082 +09:00 [DBG] Metrics data request created
2021-09-11 19:40:36.082 +09:00 [DBG] Inserted event CONNECTION_DURATION 13 to AnalyticsTable
2021-09-11 19:40:36.084 +09:00 [DBG] Sending Analytics Batches
2021-09-11 19:40:36.086 +09:00 [DBG] Checking if table AnalyticsTable is empty
2021-09-11 19:40:36.086 +09:00 [DBG] is empty: False
2021-09-11 19:40:36.087 +09:00 [DBG] Inserted event UI_APP_VPN_CONNECT_GENERAL_ERROR 0 to MetricsTable
2021-09-11 19:40:36.089 +09:00 [DBG] Analytics event batch successfully created, sending analytics
2021-09-11 19:40:36.089 +09:00 [DBG] Sending analytics batch async
2021-09-11 19:40:36.089 +09:00 [DBG] metrics region already exists in app: ap-northeast-1
2021-09-11 19:40:36.089 +09:00 [DBG] Pinpoint endpoint ID already exists
2021-09-11 19:40:36.089 +09:00 [DBG] OSVersion: Unix 19.6.0.0
2021-09-11 19:40:36.089 +09:00 [DBG] OS: MacOS
2021-09-11 19:40:36.089 +09:00 [DBG] Endpoint ID: ap-northeast-1:d999a751-9f05-4814-9c7f-21eb27358894
2021-09-11 19:40:36.089 +09:00 [DBG] Pinpoint endpoint id: ap-northeast-1:d999a751-9f05-4814-9c7f-21eb27358894
2021-09-11 19:40:36.089 +09:00 [DBG] metrics region already exists in app: ap-northeast-1
2021-09-11 19:40:36.089 +09:00 [DBG] metrics region already exists in app: ap-northeast-1
2021-09-11 19:40:36.142 +09:00 [DBG] CloudWatch response received
2021-09-11 19:40:36.142 +09:00 [DBG] CloudWatch response status code: OK
2021-09-11 19:40:36.142 +09:00 [DBG] successfully put metrics to cloudwatch
2021-09-11 19:40:36.142 +09:00 [DBG] Deleting successfully sent batch of metric events
2021-09-11 19:40:36.147 +09:00 [DBG] Checking if table MetricsTable is empty
2021-09-11 19:40:36.147 +09:00 [DBG] is empty: False
2021-09-11 19:40:36.148 +09:00 [DBG] Metrics event batch successfully created, sending metrics
2021-09-11 19:40:36.148 +09:00 [DBG] metrics region already exists in app: ap-northeast-1
2021-09-11 19:40:36.148 +09:00 [DBG] Sending metrics batch async
2021-09-11 19:40:36.149 +09:00 [DBG] OS: MacOS
2021-09-11 19:40:36.149 +09:00 [DBG] Metrics data request created
2021-09-11 19:40:36.186 +09:00 [DBG] 2021/09/11 19:40:36 Accepted
2021-09-11 19:40:36.186 +09:00 [DBG] successfully put analytics to pinpoint
2021-09-11 19:40:36.186 +09:00 [DBG] Events batch was accepted. Checking individual events for accepted status.
2021-09-11 19:40:36.190 +09:00 [DBG] Checking if table AnalyticsTable is empty
2021-09-11 19:40:36.191 +09:00 [DBG] is empty: True
2021-09-11 19:40:36.191 +09:00 [DBG] Finished sending batches of analytics to pinpoint.
2021-09-11 19:40:36.205 +09:00 [DBG] CloudWatch response received
2021-09-11 19:40:36.205 +09:00 [DBG] CloudWatch response status code: OK
2021-09-11 19:40:36.205 +09:00 [DBG] successfully put metrics to cloudwatch
2021-09-11 19:40:36.205 +09:00 [DBG] Deleting successfully sent batch of metric events
2021-09-11 19:40:36.210 +09:00 [DBG] Checking if table MetricsTable is empty
2021-09-11 19:40:36.210 +09:00 [DBG] is empty: True
2021-09-11 19:40:36.210 +09:00 [DBG] Finished sending batches of metrics to cloudwatch.
2021-09-11 20:40:36.135 +09:00 [DBG] Sending Metrics batches
2021-09-11 20:40:36.153 +09:00 [DBG] Checking if table MetricsTable is empty
2021-09-11 20:40:36.156 +09:00 [DBG] is empty: True
2021-09-11 20:40:36.156 +09:00 [DBG] Finished sending batches of metrics to cloudwatch.
2021-09-11 20:40:36.156 +09:00 [DBG] Sending Analytics Batches
2021-09-11 20:40:36.157 +09:00 [DBG] Checking if table AnalyticsTable is empty
2021-09-11 20:40:36.157 +09:00 [DBG] is empty: True
2021-09-11 20:40:36.158 +09:00 [DBG] Finished sending batches of analytics to pinpoint.
2021-09-11 21:40:36.062 +09:00 [DBG] Sending Metrics batches
2021-09-11 21:40:36.112 +09:00 [DBG] Checking if table MetricsTable is empty
2021-09-11 21:40:36.113 +09:00 [DBG] is empty: True
2021-09-11 21:40:36.113 +09:00 [DBG] Finished sending batches of metrics to cloudwatch.
2021-09-11 21:40:36.113 +09:00 [DBG] Sending Analytics Batches
2021-09-11 21:40:36.114 +09:00 [DBG] Checking if table AnalyticsTable is empty
2021-09-11 21:40:36.115 +09:00 [DBG] is empty: True
2021-09-11 21:40:36.115 +09:00 [DBG] Finished sending batches of analytics to pinpoint.
2021-09-11 22:40:36.222 +09:00 [DBG] Sending Metrics batches
2021-09-11 22:40:36.282 +09:00 [DBG] Checking if table MetricsTable is empty
2021-09-11 22:40:36.284 +09:00 [DBG] is empty: True
2021-09-11 22:40:36.284 +09:00 [DBG] Finished sending batches of metrics to cloudwatch.
2021-09-11 22:40:36.284 +09:00 [DBG] Sending Analytics Batches
2021-09-11 22:40:36.321 +09:00 [DBG] Checking if table AnalyticsTable is empty
2021-09-11 22:40:36.322 +09:00 [DBG] is empty: True
2021-09-11 22:40:36.323 +09:00 [DBG] Finished sending batches of analytics to pinpoint.
