2021-09-14 00:11:57.651 +09:00 [INF] Received bytes: 71
2021-09-14 00:11:57.761 +09:00 [DBG] Message marshalling complete
2021-09-14 00:11:57.762 +09:00 [DBG] CM received: >LOG:1631545917,N,write UDP: Can't assign requested address (code=49)

2021-09-14 00:11:57.762 +09:00 [DBG] CM processsing: >LOG:1631545917,N,write UDP: Can't assign requested address (code=49)
2021-09-14 00:11:57.795 +09:00 [DBG] CM processsing: 
2021-09-14 00:11:57.795 +09:00 [DBG] 🥶 APPEND line
2021-09-14 00:11:57.795 +09:00 [INF] Begin receive init again
2021-09-14 00:11:57.795 +09:00 [INF] Received bytes: 1278
2021-09-14 00:11:57.795 +09:00 [DBG] Message marshalling complete
2021-09-14 00:11:57.796 +09:00 [DBG] CM received: >LOG:1631545917,N,write UDP: Can't assign requested address (code=49)
>LOG:1631545917,N,write UDP: Can't assign requested address (code=49)
>LOG:1631545917,N,write UDP: Can't assign requested address (code=49)
>LOG:1631545917,N,write UDP: Can't assign requested address (code=49)
>LOG:1631545917,N,write UDP: Can't assign requested address (code=49)
>LOG:1631545917,N,write UDP: Can't assign requested address (code=49)
>LOG:1631545917,N,write UDP: Can't assign requested address (code=49)
>LOG:1631545917,N,write UDP: Can't assign requested address (code=49)
>LOG:1631545917,N,write UDP: Can't assign requested address (code=49)
>LOG:1631545917,N,write UDP: Can't assign requested address (code=49)
>LOG:1631545917,N,write UDP: Can't assign requested address (code=49)
>LOG:1631545917,N,write UDP: Can't assign requested address (code=49)
>LOG:1631545917,N,write UDP: Can't assign requested address (code=49)
>LOG:1631545917,N,write UDP: Can't assign requested address (code=49)
>LOG:1631545917,N,write UDP: Can't assign requested address (code=49)
>LOG:1631545917,N,write UDP: Can't assign requested address (code=49)
>LOG:1631545917,N,write UDP: Can't assign requested address (code=49)
>LOG:1631545917,N,write UDP: Can't assign requested address (code=49)

2021-09-14 00:11:57.796 +09:00 [DBG] CM processsing: >LOG:1631545917,N,write UDP: Can't assign requested address (code=49)
2021-09-14 00:11:57.796 +09:00 [DBG] CM processsing: >LOG:1631545917,N,write UDP: Can't assign requested address (code=49)
2021-09-14 00:11:57.796 +09:00 [DBG] CM processsing: >LOG:1631545917,N,write UDP: Can't assign requested address (code=49)
2021-09-14 00:11:57.796 +09:00 [DBG] CM processsing: >LOG:1631545917,N,write UDP: Can't assign requested address (code=49)
2021-09-14 00:11:57.796 +09:00 [DBG] CM processsing: >LOG:1631545917,N,write UDP: Can't assign requested address (code=49)
2021-09-14 00:11:57.796 +09:00 [DBG] CM processsing: >LOG:1631545917,N,write UDP: Can't assign requested address (code=49)
2021-09-14 00:11:57.796 +09:00 [DBG] CM processsing: >LOG:1631545917,N,write UDP: Can't assign requested address (code=49)
2021-09-14 00:11:57.796 +09:00 [DBG] CM processsing: >LOG:1631545917,N,write UDP: Can't assign requested address (code=49)
2021-09-14 00:11:57.796 +09:00 [DBG] CM processsing: >LOG:1631545917,N,write UDP: Can't assign requested address (code=49)
2021-09-14 00:11:57.796 +09:00 [DBG] CM processsing: >LOG:1631545917,N,write UDP: Can't assign requested address (code=49)
2021-09-14 00:11:57.796 +09:00 [DBG] CM processsing: >LOG:1631545917,N,write UDP: Can't assign requested address (code=49)
2021-09-14 00:11:57.796 +09:00 [DBG] CM processsing: >LOG:1631545917,N,write UDP: Can't assign requested address (code=49)
2021-09-14 00:11:57.796 +09:00 [DBG] CM processsing: >LOG:1631545917,N,write UDP: Can't assign requested address (code=49)
2021-09-14 00:11:57.796 +09:00 [DBG] CM processsing: >LOG:1631545917,N,write UDP: Can't assign requested address (code=49)
2021-09-14 00:11:57.796 +09:00 [DBG] CM processsing: >LOG:1631545917,N,write UDP: Can't assign requested address (code=49)
2021-09-14 00:11:57.796 +09:00 [DBG] CM processsing: >LOG:1631545917,N,write UDP: Can't assign requested address (code=49)
2021-09-14 00:11:57.796 +09:00 [DBG] CM processsing: >LOG:1631545917,N,write UDP: Can't assign requested address (code=49)
2021-09-14 00:11:57.796 +09:00 [DBG] CM processsing: >LOG:1631545917,N,write UDP: Can't assign requested address (code=49)
2021-09-14 00:11:57.796 +09:00 [DBG] CM processsing: 
2021-09-14 00:11:57.796 +09:00 [DBG] 🥶 APPEND line
2021-09-14 00:11:57.796 +09:00 [INF] Begin receive init again
2021-09-14 00:11:57.798 +09:00 [INF] Received bytes: 71
2021-09-14 00:11:57.798 +09:00 [DBG] Message marshalling complete
2021-09-14 00:11:57.798 +09:00 [DBG] CM received: >LOG:1631545917,N,write UDP: Can't assign requested address (code=49)

2021-09-14 00:11:57.798 +09:00 [DBG] CM processsing: >LOG:1631545917,N,write UDP: Can't assign requested address (code=49)
2021-09-14 00:11:57.798 +09:00 [DBG] CM processsing: 
2021-09-14 00:11:57.798 +09:00 [DBG] 🥶 APPEND line
2021-09-14 00:11:57.798 +09:00 [INF] Begin receive init again
2021-09-14 00:11:57.798 +09:00 [INF] Received bytes: 71
2021-09-14 00:11:57.798 +09:00 [DBG] Message marshalling complete
2021-09-14 00:11:57.798 +09:00 [DBG] CM received: >LOG:1631545917,N,write UDP: Can't assign requested address (code=49)

2021-09-14 00:11:57.798 +09:00 [DBG] CM processsing: >LOG:1631545917,N,write UDP: Can't assign requested address (code=49)
2021-09-14 00:11:57.798 +09:00 [DBG] CM processsing: 
2021-09-14 00:11:57.798 +09:00 [DBG] 🥶 APPEND line
2021-09-14 00:11:57.798 +09:00 [INF] Begin receive init again
2021-09-14 00:11:57.811 +09:00 [INF] Received bytes: 71
2021-09-14 00:11:57.811 +09:00 [DBG] Message marshalling complete
2021-09-14 00:11:57.811 +09:00 [DBG] CM received: >LOG:1631545917,N,write UDP: Can't assign requested address (code=49)

2021-09-14 00:11:57.812 +09:00 [DBG] CM processsing: >LOG:1631545917,N,write UDP: Can't assign requested address (code=49)
2021-09-14 00:11:57.812 +09:00 [DBG] CM processsing: 
2021-09-14 00:11:57.812 +09:00 [DBG] 🥶 APPEND line
2021-09-14 00:11:57.812 +09:00 [INF] Begin receive init again
2021-09-14 00:11:57.838 +09:00 [INF] Received bytes: 71
2021-09-14 00:11:57.839 +09:00 [DBG] Message marshalling complete
2021-09-14 00:11:57.839 +09:00 [DBG] CM received: >LOG:1631545917,N,write UDP: Can't assign requested address (code=49)

2021-09-14 00:11:57.839 +09:00 [DBG] CM processsing: >LOG:1631545917,N,write UDP: Can't assign requested address (code=49)
2021-09-14 00:11:57.839 +09:00 [DBG] CM processsing: 
2021-09-14 00:11:57.839 +09:00 [DBG] 🥶 APPEND line
2021-09-14 00:11:57.839 +09:00 [INF] Begin receive init again
2021-09-14 00:11:57.839 +09:00 [INF] Received bytes: 71
2021-09-14 00:11:57.840 +09:00 [DBG] Message marshalling complete
2021-09-14 00:11:57.840 +09:00 [DBG] CM received: >LOG:1631545917,N,write UDP: Can't assign requested address (code=49)

2021-09-14 00:11:57.840 +09:00 [DBG] CM processsing: >LOG:1631545917,N,write UDP: Can't assign requested address (code=49)
2021-09-14 00:11:57.840 +09:00 [DBG] CM processsing: 
2021-09-14 00:11:57.840 +09:00 [DBG] 🥶 APPEND line
2021-09-14 00:11:57.840 +09:00 [INF] Begin receive init again
2021-09-14 00:11:57.849 +09:00 [INF] Received bytes: 71
2021-09-14 00:11:57.849 +09:00 [DBG] Message marshalling complete
2021-09-14 00:11:57.849 +09:00 [DBG] CM received: >LOG:1631545917,N,write UDP: Can't assign requested address (code=49)

2021-09-14 00:11:57.849 +09:00 [DBG] CM processsing: >LOG:1631545917,N,write UDP: Can't assign requested address (code=49)
2021-09-14 00:11:57.849 +09:00 [DBG] CM processsing: 
2021-09-14 00:11:57.849 +09:00 [DBG] 🥶 APPEND line
2021-09-14 00:11:57.849 +09:00 [INF] Begin receive init again
2021-09-14 00:11:57.863 +09:00 [INF] Received bytes: 71
2021-09-14 00:11:57.863 +09:00 [DBG] Message marshalling complete
2021-09-14 00:11:57.864 +09:00 [DBG] CM received: >LOG:1631545917,N,write UDP: Can't assign requested address (code=49)

2021-09-14 00:11:57.864 +09:00 [DBG] CM processsing: >LOG:1631545917,N,write UDP: Can't assign requested address (code=49)
2021-09-14 00:11:57.864 +09:00 [DBG] CM processsing: 
2021-09-14 00:11:57.864 +09:00 [DBG] 🥶 APPEND line
2021-09-14 00:11:57.864 +09:00 [INF] Begin receive init again
2021-09-14 00:11:57.864 +09:00 [INF] Received bytes: 71
2021-09-14 00:11:57.864 +09:00 [DBG] Message marshalling complete
2021-09-14 00:11:57.865 +09:00 [DBG] CM received: >LOG:1631545917,N,write UDP: Can't assign requested address (code=49)

2021-09-14 00:11:57.865 +09:00 [DBG] CM processsing: >LOG:1631545917,N,write UDP: Can't assign requested address (code=49)
2021-09-14 00:11:57.865 +09:00 [DBG] CM processsing: 
2021-09-14 00:11:57.865 +09:00 [DBG] 🥶 APPEND line
2021-09-14 00:11:57.865 +09:00 [INF] Begin receive init again
2021-09-14 00:11:57.916 +09:00 [INF] Received bytes: 71
2021-09-14 00:11:57.916 +09:00 [DBG] Message marshalling complete
2021-09-14 00:11:57.916 +09:00 [DBG] CM received: >LOG:1631545917,N,write UDP: Can't assign requested address (code=49)

2021-09-14 00:11:57.916 +09:00 [DBG] CM processsing: >LOG:1631545917,N,write UDP: Can't assign requested address (code=49)
2021-09-14 00:11:57.916 +09:00 [DBG] CM processsing: 
2021-09-14 00:11:57.916 +09:00 [DBG] 🥶 APPEND line
2021-09-14 00:11:57.916 +09:00 [INF] Begin receive init again
2021-09-14 00:11:57.924 +09:00 [INF] Received bytes: 71
2021-09-14 00:11:57.925 +09:00 [DBG] Message marshalling complete
2021-09-14 00:11:57.925 +09:00 [DBG] CM received: >LOG:1631545917,N,write UDP: Can't assign requested address (code=49)

2021-09-14 00:11:57.925 +09:00 [DBG] CM processsing: >LOG:1631545917,N,write UDP: Can't assign requested address (code=49)
2021-09-14 00:11:57.925 +09:00 [DBG] CM processsing: 
2021-09-14 00:11:57.925 +09:00 [DBG] 🥶 APPEND line
2021-09-14 00:11:57.925 +09:00 [INF] Begin receive init again
2021-09-14 00:11:57.941 +09:00 [INF] Received bytes: 71
2021-09-14 00:11:57.941 +09:00 [DBG] Message marshalling complete
2021-09-14 00:11:57.942 +09:00 [DBG] CM received: >LOG:1631545917,N,write UDP: Can't assign requested address (code=49)

2021-09-14 00:11:57.942 +09:00 [DBG] CM processsing: >LOG:1631545917,N,write UDP: Can't assign requested address (code=49)
2021-09-14 00:11:57.942 +09:00 [DBG] CM processsing: 
2021-09-14 00:11:57.942 +09:00 [DBG] 🥶 APPEND line
2021-09-14 00:11:57.942 +09:00 [INF] Begin receive init again
2021-09-14 00:11:58.003 +09:00 [INF] Received bytes: 71
2021-09-14 00:11:58.003 +09:00 [DBG] Message marshalling complete
2021-09-14 00:11:58.003 +09:00 [DBG] CM received: >LOG:1631545918,N,write UDP: Can't assign requested address (code=49)

2021-09-14 00:11:58.003 +09:00 [DBG] CM processsing: >LOG:1631545918,N,write UDP: Can't assign requested address (code=49)
2021-09-14 00:11:58.003 +09:00 [DBG] CM processsing: 
2021-09-14 00:11:58.003 +09:00 [DBG] 🥶 APPEND line
2021-09-14 00:11:58.003 +09:00 [INF] Begin receive init again
2021-09-14 00:11:58.097 +09:00 [INF] Received bytes: 71
2021-09-14 00:11:58.097 +09:00 [DBG] Message marshalling complete
2021-09-14 00:11:58.097 +09:00 [DBG] CM received: >LOG:1631545918,N,write UDP: Can't assign requested address (code=49)

2021-09-14 00:11:58.097 +09:00 [DBG] CM processsing: >LOG:1631545918,N,write UDP: Can't assign requested address (code=49)
2021-09-14 00:11:58.097 +09:00 [DBG] CM processsing: 
2021-09-14 00:11:58.097 +09:00 [DBG] 🥶 APPEND line
2021-09-14 00:11:58.097 +09:00 [INF] Begin receive init again
2021-09-14 00:11:58.111 +09:00 [INF] Received bytes: 71
2021-09-14 00:11:58.111 +09:00 [DBG] Message marshalling complete
2021-09-14 00:11:58.111 +09:00 [DBG] CM received: >LOG:1631545918,N,write UDP: Can't assign requested address (code=49)

2021-09-14 00:11:58.111 +09:00 [DBG] CM processsing: >LOG:1631545918,N,write UDP: Can't assign requested address (code=49)
2021-09-14 00:11:58.111 +09:00 [DBG] CM processsing: 
2021-09-14 00:11:58.111 +09:00 [DBG] 🥶 APPEND line
2021-09-14 00:11:58.112 +09:00 [INF] Begin receive init again
2021-09-14 00:11:58.112 +09:00 [INF] Received bytes: 213
2021-09-14 00:11:58.112 +09:00 [DBG] Message marshalling complete
2021-09-14 00:11:58.112 +09:00 [DBG] CM received: >LOG:1631545918,N,write UDP: Can't assign requested address (code=49)
>LOG:1631545918,N,write UDP: Can't assign requested address (code=49)
>LOG:1631545918,N,write UDP: Can't assign requested address (code=49)

2021-09-14 00:11:58.112 +09:00 [DBG] CM processsing: >LOG:1631545918,N,write UDP: Can't assign requested address (code=49)
2021-09-14 00:11:58.112 +09:00 [DBG] CM processsing: >LOG:1631545918,N,write UDP: Can't assign requested address (code=49)
2021-09-14 00:11:58.112 +09:00 [DBG] CM processsing: >LOG:1631545918,N,write UDP: Can't assign requested address (code=49)
2021-09-14 00:11:58.112 +09:00 [DBG] CM processsing: 
2021-09-14 00:11:58.112 +09:00 [DBG] 🥶 APPEND line
2021-09-14 00:11:58.112 +09:00 [INF] Begin receive init again
2021-09-14 00:11:58.135 +09:00 [INF] Received bytes: 71
2021-09-14 00:11:58.135 +09:00 [DBG] Message marshalling complete
2021-09-14 00:11:58.135 +09:00 [DBG] CM received: >LOG:1631545918,N,write UDP: Can't assign requested address (code=49)

2021-09-14 00:11:58.135 +09:00 [DBG] CM processsing: >LOG:1631545918,N,write UDP: Can't assign requested address (code=49)
2021-09-14 00:11:58.135 +09:00 [DBG] CM processsing: 
2021-09-14 00:11:58.135 +09:00 [DBG] 🥶 APPEND line
2021-09-14 00:11:58.135 +09:00 [INF] Begin receive init again
2021-09-14 00:11:58.171 +09:00 [INF] Received bytes: 71
2021-09-14 00:11:58.172 +09:00 [DBG] Message marshalling complete
2021-09-14 00:11:58.173 +09:00 [DBG] CM received: >LOG:1631545918,N,write UDP: Can't assign requested address (code=49)

2021-09-14 00:11:58.173 +09:00 [DBG] CM processsing: >LOG:1631545918,N,write UDP: Can't assign requested address (code=49)
2021-09-14 00:11:58.173 +09:00 [DBG] CM processsing: 
2021-09-14 00:11:58.173 +09:00 [DBG] 🥶 APPEND line
2021-09-14 00:11:58.173 +09:00 [INF] Begin receive init again
2021-09-14 00:11:58.190 +09:00 [INF] Received bytes: 71
2021-09-14 00:11:58.190 +09:00 [DBG] Message marshalling complete
2021-09-14 00:11:58.190 +09:00 [DBG] CM received: >LOG:1631545918,N,write UDP: Can't assign requested address (code=49)

2021-09-14 00:11:58.190 +09:00 [DBG] CM processsing: >LOG:1631545918,N,write UDP: Can't assign requested address (code=49)
2021-09-14 00:11:58.190 +09:00 [DBG] CM processsing: 
2021-09-14 00:11:58.190 +09:00 [DBG] 🥶 APPEND line
2021-09-14 00:11:58.190 +09:00 [INF] Begin receive init again
2021-09-14 00:11:58.193 +09:00 [INF] Received bytes: 71
2021-09-14 00:11:58.193 +09:00 [DBG] Message marshalling complete
2021-09-14 00:11:58.193 +09:00 [DBG] CM received: >LOG:1631545918,N,write UDP: Can't assign requested address (code=49)

2021-09-14 00:11:58.193 +09:00 [DBG] CM processsing: >LOG:1631545918,N,write UDP: Can't assign requested address (code=49)
2021-09-14 00:11:58.193 +09:00 [DBG] CM processsing: 
2021-09-14 00:11:58.193 +09:00 [DBG] 🥶 APPEND line
2021-09-14 00:11:58.193 +09:00 [INF] Begin receive init again
2021-09-14 00:11:58.196 +09:00 [INF] Received bytes: 71
2021-09-14 00:11:58.196 +09:00 [DBG] Message marshalling complete
2021-09-14 00:11:58.196 +09:00 [DBG] CM received: >LOG:1631545918,N,write UDP: Can't assign requested address (code=49)

2021-09-14 00:11:58.196 +09:00 [DBG] CM processsing: >LOG:1631545918,N,write UDP: Can't assign requested address (code=49)
2021-09-14 00:11:58.196 +09:00 [DBG] CM processsing: 
2021-09-14 00:11:58.196 +09:00 [DBG] 🥶 APPEND line
2021-09-14 00:11:58.196 +09:00 [INF] Begin receive init again
2021-09-14 00:11:58.202 +09:00 [INF] Received bytes: 71
2021-09-14 00:11:58.202 +09:00 [DBG] Message marshalling complete
2021-09-14 00:11:58.203 +09:00 [DBG] CM received: >LOG:1631545918,N,write UDP: Can't assign requested address (code=49)

2021-09-14 00:11:58.203 +09:00 [DBG] CM processsing: >LOG:1631545918,N,write UDP: Can't assign requested address (code=49)
2021-09-14 00:11:58.203 +09:00 [DBG] CM processsing: 
2021-09-14 00:11:58.203 +09:00 [DBG] 🥶 APPEND line
2021-09-14 00:11:58.203 +09:00 [INF] Begin receive init again
2021-09-14 00:11:58.206 +09:00 [INF] Received bytes: 71
2021-09-14 00:11:58.206 +09:00 [DBG] Message marshalling complete
2021-09-14 00:11:58.206 +09:00 [DBG] CM received: >LOG:1631545918,N,write UDP: Can't assign requested address (code=49)

2021-09-14 00:11:58.206 +09:00 [DBG] CM processsing: >LOG:1631545918,N,write UDP: Can't assign requested address (code=49)
2021-09-14 00:11:58.206 +09:00 [DBG] CM processsing: 
2021-09-14 00:11:58.206 +09:00 [DBG] 🥶 APPEND line
2021-09-14 00:11:58.206 +09:00 [INF] Begin receive init again
2021-09-14 00:11:58.372 +09:00 [INF] Received bytes: 142
2021-09-14 00:11:58.372 +09:00 [DBG] Message marshalling complete
2021-09-14 00:11:58.372 +09:00 [DBG] CM received: >LOG:1631545918,N,write UDP: Can't assign requested address (code=49)
>LOG:1631545918,N,write UDP: Can't assign requested address (code=49)

2021-09-14 00:11:58.372 +09:00 [DBG] CM processsing: >LOG:1631545918,N,write UDP: Can't assign requested address (code=49)
2021-09-14 00:11:58.372 +09:00 [DBG] CM processsing: >LOG:1631545918,N,write UDP: Can't assign requested address (code=49)
2021-09-14 00:11:58.372 +09:00 [DBG] CM processsing: 
2021-09-14 00:11:58.372 +09:00 [DBG] 🥶 APPEND line
2021-09-14 00:11:58.372 +09:00 [INF] Begin receive init again
2021-09-14 00:11:58.372 +09:00 [INF] Received bytes: 142
2021-09-14 00:11:58.373 +09:00 [DBG] Message marshalling complete
2021-09-14 00:11:58.373 +09:00 [DBG] CM received: >LOG:1631545918,N,write UDP: Can't assign requested address (code=49)
>LOG:1631545918,N,write UDP: Can't assign requested address (code=49)

2021-09-14 00:11:58.373 +09:00 [DBG] CM processsing: >LOG:1631545918,N,write UDP: Can't assign requested address (code=49)
2021-09-14 00:11:58.373 +09:00 [DBG] CM processsing: >LOG:1631545918,N,write UDP: Can't assign requested address (code=49)
2021-09-14 00:11:58.373 +09:00 [DBG] CM processsing: 
2021-09-14 00:11:58.373 +09:00 [DBG] 🥶 APPEND line
2021-09-14 00:11:58.373 +09:00 [INF] Begin receive init again
2021-09-14 00:11:58.385 +09:00 [INF] Received bytes: 71
2021-09-14 00:11:58.385 +09:00 [DBG] Message marshalling complete
2021-09-14 00:11:58.385 +09:00 [DBG] CM received: >LOG:1631545918,N,write UDP: Can't assign requested address (code=49)

2021-09-14 00:11:58.385 +09:00 [DBG] CM processsing: >LOG:1631545918,N,write UDP: Can't assign requested address (code=49)
2021-09-14 00:11:58.385 +09:00 [DBG] CM processsing: 
2021-09-14 00:11:58.385 +09:00 [DBG] 🥶 APPEND line
2021-09-14 00:11:58.385 +09:00 [INF] Begin receive init again
2021-09-14 00:11:58.385 +09:00 [INF] Received bytes: 213
2021-09-14 00:11:58.385 +09:00 [DBG] Message marshalling complete
2021-09-14 00:11:58.385 +09:00 [DBG] CM received: >LOG:1631545918,N,write UDP: Can't assign requested address (code=49)
>LOG:1631545918,N,write UDP: Can't assign requested address (code=49)
>LOG:1631545918,N,write UDP: Can't assign requested address (code=49)

2021-09-14 00:11:58.386 +09:00 [DBG] CM processsing: >LOG:1631545918,N,write UDP: Can't assign requested address (code=49)
2021-09-14 00:11:58.386 +09:00 [DBG] CM processsing: >LOG:1631545918,N,write UDP: Can't assign requested address (code=49)
2021-09-14 00:11:58.386 +09:00 [DBG] CM processsing: >LOG:1631545918,N,write UDP: Can't assign requested address (code=49)
2021-09-14 00:11:58.386 +09:00 [DBG] CM processsing: 
2021-09-14 00:11:58.386 +09:00 [DBG] 🥶 APPEND line
2021-09-14 00:11:58.386 +09:00 [INF] Begin receive init again
2021-09-14 00:11:58.394 +09:00 [INF] Received bytes: 71
2021-09-14 00:11:58.394 +09:00 [DBG] Message marshalling complete
2021-09-14 00:11:58.394 +09:00 [DBG] CM received: >LOG:1631545918,N,write UDP: Can't assign requested address (code=49)

2021-09-14 00:11:58.394 +09:00 [DBG] CM processsing: >LOG:1631545918,N,write UDP: Can't assign requested address (code=49)
2021-09-14 00:11:58.394 +09:00 [DBG] CM processsing: 
2021-09-14 00:11:58.394 +09:00 [DBG] 🥶 APPEND line
2021-09-14 00:11:58.394 +09:00 [INF] Begin receive init again
2021-09-14 00:11:58.423 +09:00 [INF] Received bytes: 71
2021-09-14 00:11:58.423 +09:00 [DBG] Message marshalling complete
2021-09-14 00:11:58.423 +09:00 [DBG] CM received: >LOG:1631545918,N,write UDP: Can't assign requested address (code=49)

2021-09-14 00:11:58.423 +09:00 [DBG] CM processsing: >LOG:1631545918,N,write UDP: Can't assign requested address (code=49)
2021-09-14 00:11:58.423 +09:00 [DBG] CM processsing: 
2021-09-14 00:11:58.423 +09:00 [DBG] 🥶 APPEND line
2021-09-14 00:11:58.423 +09:00 [INF] Begin receive init again
2021-09-14 00:11:58.448 +09:00 [INF] Received bytes: 71
2021-09-14 00:11:58.448 +09:00 [DBG] Message marshalling complete
2021-09-14 00:11:58.448 +09:00 [DBG] CM received: >LOG:1631545918,N,write UDP: Can't assign requested address (code=49)

2021-09-14 00:11:58.449 +09:00 [DBG] CM processsing: >LOG:1631545918,N,write UDP: Can't assign requested address (code=49)
2021-09-14 00:11:58.449 +09:00 [DBG] CM processsing: 
2021-09-14 00:11:58.449 +09:00 [DBG] 🥶 APPEND line
2021-09-14 00:11:58.449 +09:00 [INF] Begin receive init again
2021-09-14 00:11:58.449 +09:00 [INF] Received bytes: 71
2021-09-14 00:11:58.449 +09:00 [DBG] Message marshalling complete
2021-09-14 00:11:58.449 +09:00 [DBG] CM received: >LOG:1631545918,N,write UDP: Can't assign requested address (code=49)

2021-09-14 00:11:58.450 +09:00 [DBG] CM processsing: >LOG:1631545918,N,write UDP: Can't assign requested address (code=49)
2021-09-14 00:11:58.450 +09:00 [DBG] CM processsing: 
2021-09-14 00:11:58.450 +09:00 [DBG] 🥶 APPEND line
2021-09-14 00:11:58.450 +09:00 [INF] Begin receive init again
2021-09-14 00:11:58.573 +09:00 [INF] Received bytes: 57
2021-09-14 00:11:58.573 +09:00 [DBG] Message marshalling complete
2021-09-14 00:11:58.573 +09:00 [DBG] CM received: >LOG:1631545918,N,write UDP: No route to host (code=65)

2021-09-14 00:11:58.573 +09:00 [DBG] CM processsing: >LOG:1631545918,N,write UDP: No route to host (code=65)
2021-09-14 00:11:58.573 +09:00 [DBG] CM processsing: 
2021-09-14 00:11:58.573 +09:00 [DBG] 🥶 APPEND line
2021-09-14 00:11:58.573 +09:00 [INF] Begin receive init again
2021-09-14 00:12:15.036 +09:00 [INF] Received bytes: 96
2021-09-14 00:12:15.037 +09:00 [DBG] Message marshalling complete
2021-09-14 00:12:15.037 +09:00 [DBG] CM received: >LOG:1631545935,I,[vpn-server.insight-inc.biz] Inactivity timeout (--ping-restart), restarting

2021-09-14 00:12:15.037 +09:00 [DBG] CM processsing: >LOG:1631545935,I,[vpn-server.insight-inc.biz] Inactivity timeout (--ping-restart), restarting
2021-09-14 00:12:15.037 +09:00 [DBG] CM processsing: 
2021-09-14 00:12:15.038 +09:00 [DBG] 🥶 APPEND line
2021-09-14 00:12:15.038 +09:00 [INF] Begin receive init again
2021-09-14 00:12:15.044 +09:00 [INF] Received bytes: 85
2021-09-14 00:12:15.044 +09:00 [DBG] Message marshalling complete
2021-09-14 00:12:15.045 +09:00 [DBG] CM received: >LOG:1631545935,,/sbin/route delete -net 54.248.224.127 192.168.0.1 255.255.255.255

2021-09-14 00:12:15.045 +09:00 [DBG] CM processsing: >LOG:1631545935,,/sbin/route delete -net 54.248.224.127 192.168.0.1 255.255.255.255
2021-09-14 00:12:15.045 +09:00 [DBG] CM processsing: 
2021-09-14 00:12:15.045 +09:00 [DBG] 🥶 APPEND line
2021-09-14 00:12:15.045 +09:00 [INF] Begin receive init again
2021-09-14 00:12:15.065 +09:00 [INF] Received bytes: 72
2021-09-14 00:12:15.065 +09:00 [DBG] Message marshalling complete
2021-09-14 00:12:15.066 +09:00 [DBG] CM received: >LOG:1631545935,,/sbin/route delete -net 0.0.0.0 172.16.1.33 128.0.0.0

2021-09-14 00:12:15.066 +09:00 [DBG] CM processsing: >LOG:1631545935,,/sbin/route delete -net 0.0.0.0 172.16.1.33 128.0.0.0
2021-09-14 00:12:15.066 +09:00 [DBG] CM processsing: 
2021-09-14 00:12:15.067 +09:00 [DBG] 🥶 APPEND line
2021-09-14 00:12:15.067 +09:00 [INF] Begin receive init again
2021-09-14 00:12:15.073 +09:00 [INF] Received bytes: 74
2021-09-14 00:12:15.073 +09:00 [DBG] Message marshalling complete
2021-09-14 00:12:15.074 +09:00 [DBG] CM received: >LOG:1631545935,,/sbin/route delete -net 128.0.0.0 172.16.1.33 128.0.0.0

2021-09-14 00:12:15.074 +09:00 [DBG] CM processsing: >LOG:1631545935,,/sbin/route delete -net 128.0.0.0 172.16.1.33 128.0.0.0
2021-09-14 00:12:15.074 +09:00 [DBG] CM processsing: 
2021-09-14 00:12:15.074 +09:00 [DBG] 🥶 APPEND line
2021-09-14 00:12:15.074 +09:00 [INF] Begin receive init again
2021-09-14 00:12:15.080 +09:00 [INF] Received bytes: 44
2021-09-14 00:12:15.081 +09:00 [DBG] Message marshalling complete
2021-09-14 00:12:15.082 +09:00 [DBG] CM received: >LOG:1631545935,,Closing TUN/TAP interface

2021-09-14 00:12:15.082 +09:00 [DBG] CM processsing: >LOG:1631545935,,Closing TUN/TAP interface
2021-09-14 00:12:15.082 +09:00 [DBG] CM processsing: 
2021-09-14 00:12:15.082 +09:00 [DBG] 🥶 APPEND line
2021-09-14 00:12:15.082 +09:00 [INF] Begin receive init again
2021-09-14 00:12:15.083 +09:00 [INF] Received bytes: 155
2021-09-14 00:12:15.083 +09:00 [DBG] Message marshalling complete
2021-09-14 00:12:15.083 +09:00 [DBG] CM received: >LOG:1631545935,I,/Applications/AWS VPN Client/AWS VPN Client.app/Contents/Resources/openvpn/client.down utun2 1500 1552 172.16.1.34 255.255.255.224 init

2021-09-14 00:12:15.083 +09:00 [DBG] CM processsing: >LOG:1631545935,I,/Applications/AWS VPN Client/AWS VPN Client.app/Contents/Resources/openvpn/client.down utun2 1500 1552 172.16.1.34 255.255.255.224 init
2021-09-14 00:12:15.084 +09:00 [DBG] CM processsing: 
2021-09-14 00:12:15.084 +09:00 [DBG] 🥶 APPEND line
2021-09-14 00:12:15.084 +09:00 [INF] Begin receive init again
2021-09-14 00:12:16.228 +09:00 [INF] Received bytes: 249
2021-09-14 00:12:16.228 +09:00 [DBG] Message marshalling complete
2021-09-14 00:12:16.229 +09:00 [DBG] CM received: >LOG:1631545936,I,SIGUSR1[soft,ping-restart] received, process restarting
>LOG:1631545936,,MANAGEMENT: >STATE:1631545936,RECONNECTING,ping-restart,,,,,
>STATE:1631545936,RECONNECTING,ping-restart,,,,,
>LOG:1631545936,,Restart pause, 5 second(s)

2021-09-14 00:12:16.229 +09:00 [DBG] CM processsing: >LOG:1631545936,I,SIGUSR1[soft,ping-restart] received, process restarting
2021-09-14 00:12:16.229 +09:00 [DBG] CM processsing: >LOG:1631545936,,MANAGEMENT: >STATE:1631545936,RECONNECTING,ping-restart,,,,,
2021-09-14 00:12:16.234 +09:00 [DBG] CM received state: >LOG:1631545936,,MANAGEMENT: >STATE:1631545936,RECONNECTING,ping-restart,,,,,
2021-09-14 00:12:16.234 +09:00 [DBG] OpenVPN is reconnecting
2021-09-14 00:12:16.264 +09:00 [DBG] Inserted event UI_APP_VPN_CONNECT_ATTEMPT 1 to AnalyticsTable
2021-09-14 00:12:16.276 +09:00 [DBG] Inserted event UI_APP_VPN_CONNECT_GENERAL_ERROR 0 to MetricsTable
2021-09-14 00:12:16.282 +09:00 [DBG] CM processsing: >STATE:1631545936,RECONNECTING,ping-restart,,,,,
2021-09-14 00:12:16.283 +09:00 [DBG] CM received state: >STATE:1631545936,RECONNECTING,ping-restart,,,,,
2021-09-14 00:12:16.283 +09:00 [DBG] OpenVPN is reconnecting
2021-09-14 00:12:16.306 +09:00 [DBG] Inserted event UI_APP_VPN_CONNECT_ATTEMPT 1 to AnalyticsTable
2021-09-14 00:12:16.316 +09:00 [DBG] Inserted event UI_APP_VPN_CONNECT_GENERAL_ERROR 0 to MetricsTable
2021-09-14 00:12:16.316 +09:00 [DBG] CM processsing: >LOG:1631545936,,Restart pause, 5 second(s)
2021-09-14 00:12:16.316 +09:00 [DBG] CM processsing: 
2021-09-14 00:12:16.316 +09:00 [DBG] 🥶 APPEND line
2021-09-14 00:12:16.316 +09:00 [INF] Begin receive init again
2021-09-14 00:12:21.367 +09:00 [INF] Received bytes: 121
2021-09-14 00:12:21.367 +09:00 [DBG] Message marshalling complete
2021-09-14 00:12:21.368 +09:00 [DBG] CM received: >LOG:1631545941,W,NOTE: the current --script-security setting may allow this configuration to call user-defined scripts

2021-09-14 00:12:21.368 +09:00 [DBG] CM processsing: >LOG:1631545941,W,NOTE: the current --script-security setting may allow this configuration to call user-defined scripts
2021-09-14 00:12:21.368 +09:00 [DBG] CM processsing: 
2021-09-14 00:12:21.368 +09:00 [DBG] 🥶 APPEND line
2021-09-14 00:12:21.368 +09:00 [INF] Begin receive init again
2021-09-14 00:12:21.570 +09:00 [INF] Received bytes: 276
2021-09-14 00:12:21.570 +09:00 [DBG] Message marshalling complete
2021-09-14 00:12:21.571 +09:00 [DBG] CM received: >LOG:1631545941,I,TCP/UDP: Preserving recently used remote address: [AF_INET]54.248.224.127:443
>LOG:1631545941,,Socket Buffers: R=[786896->786896] S=[9216->9216]
>LOG:1631545941,I,UDP link local: (not bound)
>LOG:1631545941,I,UDP link remote: [AF_INET]54.248.224.127:443

2021-09-14 00:12:21.571 +09:00 [DBG] CM processsing: >LOG:1631545941,I,TCP/UDP: Preserving recently used remote address: [AF_INET]54.248.224.127:443
2021-09-14 00:12:21.571 +09:00 [DBG] CM processsing: >LOG:1631545941,,Socket Buffers: R=[786896->786896] S=[9216->9216]
2021-09-14 00:12:21.571 +09:00 [DBG] CM processsing: >LOG:1631545941,I,UDP link local: (not bound)
2021-09-14 00:12:21.571 +09:00 [DBG] CM processsing: >LOG:1631545941,I,UDP link remote: [AF_INET]54.248.224.127:443
2021-09-14 00:12:21.571 +09:00 [DBG] CM processsing: 
2021-09-14 00:12:21.571 +09:00 [DBG] 🥶 APPEND line
2021-09-14 00:12:21.571 +09:00 [INF] Begin receive init again
2021-09-14 00:12:21.591 +09:00 [INF] Received bytes: 89
2021-09-14 00:12:21.591 +09:00 [DBG] Message marshalling complete
2021-09-14 00:12:21.623 +09:00 [DBG] CM received: >LOG:1631545941,,MANAGEMENT: >STATE:1631545941,WAIT,,,,,,
>STATE:1631545941,WAIT,,,,,,

2021-09-14 00:12:21.623 +09:00 [DBG] CM processsing: >LOG:1631545941,,MANAGEMENT: >STATE:1631545941,WAIT,,,,,,
2021-09-14 00:12:21.623 +09:00 [DBG] CM received state: >LOG:1631545941,,MANAGEMENT: >STATE:1631545941,WAIT,,,,,,
2021-09-14 00:12:21.623 +09:00 [DBG] CM processsing: >STATE:1631545941,WAIT,,,,,,
2021-09-14 00:12:21.623 +09:00 [DBG] CM received state: >STATE:1631545941,WAIT,,,,,,
2021-09-14 00:12:21.623 +09:00 [DBG] CM processsing: 
2021-09-14 00:12:21.623 +09:00 [DBG] 🥶 APPEND line
2021-09-14 00:12:21.623 +09:00 [INF] Begin receive init again
2021-09-14 00:12:21.624 +09:00 [INF] Received bytes: 183
2021-09-14 00:12:21.624 +09:00 [DBG] Message marshalling complete
2021-09-14 00:12:21.624 +09:00 [DBG] CM received: >LOG:1631545941,,MANAGEMENT: >STATE:1631545941,AUTH,,,,,,
>STATE:1631545941,AUTH,,,,,,
>LOG:1631545941,,TLS: Initial packet from [AF_INET]54.248.224.127:443, sid=df226b6f 3ebf7237

2021-09-14 00:12:21.625 +09:00 [DBG] CM processsing: >LOG:1631545941,,MANAGEMENT: >STATE:1631545941,AUTH,,,,,,
2021-09-14 00:12:21.625 +09:00 [DBG] CM received state: >LOG:1631545941,,MANAGEMENT: >STATE:1631545941,AUTH,,,,,,
2021-09-14 00:12:21.625 +09:00 [DBG] CM processsing: >STATE:1631545941,AUTH,,,,,,
2021-09-14 00:12:21.625 +09:00 [DBG] CM received state: >STATE:1631545941,AUTH,,,,,,
2021-09-14 00:12:21.625 +09:00 [DBG] CM processsing: >LOG:1631545941,,TLS: Initial packet from [AF_INET]54.248.224.127:443, sid=df226b6f 3ebf7237
2021-09-14 00:12:21.625 +09:00 [DBG] CM processsing: 
2021-09-14 00:12:21.625 +09:00 [DBG] 🥶 APPEND line
2021-09-14 00:12:21.625 +09:00 [INF] Begin receive init again
2021-09-14 00:12:21.644 +09:00 [INF] Received bytes: 57
2021-09-14 00:12:21.644 +09:00 [DBG] Message marshalling complete
2021-09-14 00:12:21.645 +09:00 [DBG] CM received: >LOG:1631545941,,VERIFY OK: depth=1, CN=insight-inc.biz

2021-09-14 00:12:21.645 +09:00 [DBG] CM processsing: >LOG:1631545941,,VERIFY OK: depth=1, CN=insight-inc.biz
2021-09-14 00:12:21.645 +09:00 [DBG] CM processsing: 
2021-09-14 00:12:21.645 +09:00 [DBG] 🥶 APPEND line
2021-09-14 00:12:21.645 +09:00 [INF] Begin receive init again
2021-09-14 00:12:21.666 +09:00 [INF] Received bytes: 307
2021-09-14 00:12:21.667 +09:00 [DBG] Message marshalling complete
2021-09-14 00:12:21.667 +09:00 [DBG] CM received: >LOG:1631545941,,VERIFY KU OK
>LOG:1631545941,,Validating certificate extended key usage
>LOG:1631545941,,++ Certificate has EKU (str) TLS Web Server Authentication, expects TLS Web Server Authentication
>LOG:1631545941,,VERIFY EKU OK
>LOG:1631545941,,VERIFY OK: depth=0, CN=vpn-server.insight-inc.biz

2021-09-14 00:12:21.667 +09:00 [DBG] CM processsing: >LOG:1631545941,,VERIFY KU OK
2021-09-14 00:12:21.667 +09:00 [DBG] CM processsing: >LOG:1631545941,,Validating certificate extended key usage
2021-09-14 00:12:21.668 +09:00 [DBG] CM processsing: >LOG:1631545941,,++ Certificate has EKU (str) TLS Web Server Authentication, expects TLS Web Server Authentication
2021-09-14 00:12:21.668 +09:00 [DBG] CM processsing: >LOG:1631545941,,VERIFY EKU OK
2021-09-14 00:12:21.668 +09:00 [DBG] CM processsing: >LOG:1631545941,,VERIFY OK: depth=0, CN=vpn-server.insight-inc.biz
2021-09-14 00:12:21.668 +09:00 [DBG] CM processsing: 
2021-09-14 00:12:21.668 +09:00 [DBG] 🥶 APPEND line
2021-09-14 00:12:21.668 +09:00 [INF] Begin receive init again
2021-09-14 00:12:21.690 +09:00 [INF] Received bytes: 212
2021-09-14 00:12:21.690 +09:00 [DBG] Message marshalling complete
2021-09-14 00:12:21.691 +09:00 [DBG] CM received: >LOG:1631545941,,Control Channel: TLSv1.2, cipher TLSv1/SSLv3 ECDHE-RSA-AES256-GCM-SHA384, 2048 bit RSA
>LOG:1631545941,I,[vpn-server.insight-inc.biz] Peer Connection Initiated with [AF_INET]54.248.224.127:443

2021-09-14 00:12:21.691 +09:00 [DBG] CM processsing: >LOG:1631545941,,Control Channel: TLSv1.2, cipher TLSv1/SSLv3 ECDHE-RSA-AES256-GCM-SHA384, 2048 bit RSA
2021-09-14 00:12:21.691 +09:00 [DBG] CM processsing: >LOG:1631545941,I,[vpn-server.insight-inc.biz] Peer Connection Initiated with [AF_INET]54.248.224.127:443
2021-09-14 00:12:21.691 +09:00 [DBG] CM processsing: 
2021-09-14 00:12:21.691 +09:00 [DBG] 🥶 APPEND line
2021-09-14 00:12:21.691 +09:00 [INF] Begin receive init again
2021-09-14 00:12:22.771 +09:00 [INF] Received bytes: 188
2021-09-14 00:12:22.772 +09:00 [DBG] Message marshalling complete
2021-09-14 00:12:22.774 +09:00 [DBG] CM received: >LOG:1631545942,,MANAGEMENT: >STATE:1631545942,GET_CONFIG,,,,,,
>STATE:1631545942,GET_CONFIG,,,,,,
>LOG:1631545942,,SENT CONTROL [vpn-server.insight-inc.biz]: 'PUSH_REQUEST' (status=1)

2021-09-14 00:12:22.775 +09:00 [DBG] CM processsing: >LOG:1631545942,,MANAGEMENT: >STATE:1631545942,GET_CONFIG,,,,,,
2021-09-14 00:12:22.776 +09:00 [DBG] CM received state: >LOG:1631545942,,MANAGEMENT: >STATE:1631545942,GET_CONFIG,,,,,,
2021-09-14 00:12:22.776 +09:00 [DBG] CM processsing: >STATE:1631545942,GET_CONFIG,,,,,,
2021-09-14 00:12:22.776 +09:00 [DBG] CM received state: >STATE:1631545942,GET_CONFIG,,,,,,
2021-09-14 00:12:22.776 +09:00 [DBG] CM processsing: >LOG:1631545942,,SENT CONTROL [vpn-server.insight-inc.biz]: 'PUSH_REQUEST' (status=1)
2021-09-14 00:12:22.776 +09:00 [DBG] CM processsing: 
2021-09-14 00:12:22.776 +09:00 [DBG] 🥶 APPEND line
2021-09-14 00:12:22.776 +09:00 [INF] Begin receive init again
2021-09-14 00:12:22.778 +09:00 [INF] Received bytes: 228
2021-09-14 00:12:22.778 +09:00 [DBG] Message marshalling complete
2021-09-14 00:12:22.779 +09:00 [DBG] CM received: >LOG:1631545942,,PUSH: Received control message: 'PUSH_REPLY,redirect-gateway def1 bypass-dhcp,route-gateway 172.16.1.33,topology subnet,ping 1,ping-restart 20,ifconfig 172.16.1.34 255.255.255.224,peer-id 0,cipher AES-256-GCM'

2021-09-14 00:12:22.779 +09:00 [DBG] CM processsing: >LOG:1631545942,,PUSH: Received control message: 'PUSH_REPLY,redirect-gateway def1 bypass-dhcp,route-gateway 172.16.1.33,topology subnet,ping 1,ping-restart 20,ifconfig 172.16.1.34 255.255.255.224,peer-id 0,cipher AES-256-GCM'
2021-09-14 00:12:22.779 +09:00 [DBG] CM processsing: 
2021-09-14 00:12:22.779 +09:00 [DBG] 🥶 APPEND line
2021-09-14 00:12:22.779 +09:00 [INF] Begin receive init again
2021-09-14 00:12:22.780 +09:00 [INF] Received bytes: 431
2021-09-14 00:12:22.780 +09:00 [DBG] Message marshalling complete
2021-09-14 00:12:22.781 +09:00 [DBG] CM received: >LOG:1631545942,,OPTIONS IMPORT: timers and/or timeouts modified
>LOG:1631545942,,OPTIONS IMPORT: --ifconfig/up options modified
>LOG:1631545942,,OPTIONS IMPORT: route options modified
>LOG:1631545942,,OPTIONS IMPORT: route-related options modified
>LOG:1631545942,,OPTIONS IMPORT: peer-id set
>LOG:1631545942,,OPTIONS IMPORT: adjusting link_mtu to 1624
>LOG:1631545942,,OPTIONS IMPORT: data channel crypto options modified

2021-09-14 00:12:22.805 +09:00 [DBG] CM processsing: >LOG:1631545942,,OPTIONS IMPORT: timers and/or timeouts modified
2021-09-14 00:12:22.810 +09:00 [DBG] CM processsing: >LOG:1631545942,,OPTIONS IMPORT: --ifconfig/up options modified
2021-09-14 00:12:22.811 +09:00 [DBG] CM processsing: >LOG:1631545942,,OPTIONS IMPORT: route options modified
2021-09-14 00:12:22.811 +09:00 [DBG] CM processsing: >LOG:1631545942,,OPTIONS IMPORT: route-related options modified
2021-09-14 00:12:22.811 +09:00 [DBG] CM processsing: >LOG:1631545942,,OPTIONS IMPORT: peer-id set
2021-09-14 00:12:22.811 +09:00 [DBG] CM processsing: >LOG:1631545942,,OPTIONS IMPORT: adjusting link_mtu to 1624
2021-09-14 00:12:22.812 +09:00 [DBG] CM processsing: >LOG:1631545942,,OPTIONS IMPORT: data channel crypto options modified
2021-09-14 00:12:22.812 +09:00 [DBG] CM processsing: 
2021-09-14 00:12:22.812 +09:00 [DBG] 🥶 APPEND line
2021-09-14 00:12:22.812 +09:00 [INF] Begin receive init again
2021-09-14 00:12:22.813 +09:00 [INF] Received bytes: 990
2021-09-14 00:12:22.813 +09:00 [DBG] Message marshalling complete
2021-09-14 00:12:22.814 +09:00 [DBG] CM received: >LOG:1631545942,,Outgoing Data Channel: Cipher 'AES-256-GCM' initialized with 256 bit key
>LOG:1631545942,,Incoming Data Channel: Cipher 'AES-256-GCM' initialized with 256 bit key
>LOG:1631545942,,ROUTE_GATEWAY 192.168.0.1/255.255.255.0 IFACE=en9 HWADDR=80:3f:5d:01:8b:6f
>LOG:1631545942,,Opening utun (connect(AF_SYS_CONTROL)): Resource busy (errno=16)
>LOG:1631545942,,Opening utun (connect(AF_SYS_CONTROL)): Resource busy (errno=16)
>LOG:1631545942,I,Opened utun device utun2
>LOG:1631545942,D,do_ifconfig, tt->did_ifconfig_ipv6_setup=0
>LOG:1631545942,,MANAGEMENT: >STATE:1631545942,ASSIGN_IP,,172.16.1.34,,,,
>STATE:1631545942,ASSIGN_IP,,172.16.1.34,,,,
>LOG:1631545942,I,/sbin/ifconfig utun2 delete
>LOG:1631545942,I,NOTE: Tried to delete pre-existing tun/tap instance -- No Problem if failure
>LOG:1631545942,I,/sbin/ifconfig utun2 172.16.1.34 172.16.1.34 netmask 255.255.255.224 mtu 1500 up
>LOG:1631545942,,/sbin/route add -net 172.16.1.32 172.16.1.34 255.255.255.224

2021-09-14 00:12:22.824 +09:00 [DBG] CM processsing: >LOG:1631545942,,Outgoing Data Channel: Cipher 'AES-256-GCM' initialized with 256 bit key
2021-09-14 00:12:22.825 +09:00 [DBG] CM processsing: >LOG:1631545942,,Incoming Data Channel: Cipher 'AES-256-GCM' initialized with 256 bit key
2021-09-14 00:12:22.825 +09:00 [DBG] CM processsing: >LOG:1631545942,,ROUTE_GATEWAY 192.168.0.1/255.255.255.0 IFACE=en9 HWADDR=80:3f:5d:01:8b:6f
2021-09-14 00:12:22.825 +09:00 [DBG] CM processsing: >LOG:1631545942,,Opening utun (connect(AF_SYS_CONTROL)): Resource busy (errno=16)
2021-09-14 00:12:22.825 +09:00 [DBG] CM processsing: >LOG:1631545942,,Opening utun (connect(AF_SYS_CONTROL)): Resource busy (errno=16)
2021-09-14 00:12:22.825 +09:00 [DBG] CM processsing: >LOG:1631545942,I,Opened utun device utun2
2021-09-14 00:12:22.826 +09:00 [DBG] CM processsing: >LOG:1631545942,D,do_ifconfig, tt->did_ifconfig_ipv6_setup=0
2021-09-14 00:12:22.826 +09:00 [DBG] CM processsing: >LOG:1631545942,,MANAGEMENT: >STATE:1631545942,ASSIGN_IP,,172.16.1.34,,,,
2021-09-14 00:12:22.826 +09:00 [DBG] CM received state: >LOG:1631545942,,MANAGEMENT: >STATE:1631545942,ASSIGN_IP,,172.16.1.34,,,,
2021-09-14 00:12:22.826 +09:00 [DBG] CM processsing: >STATE:1631545942,ASSIGN_IP,,172.16.1.34,,,,
2021-09-14 00:12:22.826 +09:00 [DBG] CM received state: >STATE:1631545942,ASSIGN_IP,,172.16.1.34,,,,
2021-09-14 00:12:22.826 +09:00 [DBG] CM processsing: >LOG:1631545942,I,/sbin/ifconfig utun2 delete
2021-09-14 00:12:22.841 +09:00 [DBG] CM processsing: >LOG:1631545942,I,NOTE: Tried to delete pre-existing tun/tap instance -- No Problem if failure
2021-09-14 00:12:22.841 +09:00 [DBG] CM processsing: >LOG:1631545942,I,/sbin/ifconfig utun2 172.16.1.34 172.16.1.34 netmask 255.255.255.224 mtu 1500 up
2021-09-14 00:12:22.841 +09:00 [DBG] CM processsing: >LOG:1631545942,,/sbin/route add -net 172.16.1.32 172.16.1.34 255.255.255.224
2021-09-14 00:12:22.842 +09:00 [DBG] CM processsing: 
2021-09-14 00:12:22.842 +09:00 [DBG] 🥶 APPEND line
2021-09-14 00:12:22.842 +09:00 [INF] Begin receive init again
2021-09-14 00:12:22.842 +09:00 [INF] Received bytes: 153
2021-09-14 00:12:22.842 +09:00 [DBG] Message marshalling complete
2021-09-14 00:12:22.843 +09:00 [DBG] CM received: >LOG:1631545942,I,/Applications/AWS VPN Client/AWS VPN Client.app/Contents/Resources/openvpn/client.up utun2 1500 1552 172.16.1.34 255.255.255.224 init

2021-09-14 00:12:22.843 +09:00 [DBG] CM processsing: >LOG:1631545942,I,/Applications/AWS VPN Client/AWS VPN Client.app/Contents/Resources/openvpn/client.up utun2 1500 1552 172.16.1.34 255.255.255.224 init
2021-09-14 00:12:22.844 +09:00 [DBG] CM processsing: 
2021-09-14 00:12:22.844 +09:00 [DBG] 🥶 APPEND line
2021-09-14 00:12:22.844 +09:00 [INF] Begin receive init again
2021-09-14 00:12:25.124 +09:00 [INF] Received bytes: 82
2021-09-14 00:12:25.124 +09:00 [DBG] Message marshalling complete
2021-09-14 00:12:25.125 +09:00 [DBG] CM received: >LOG:1631545945,,/sbin/route add -net 54.248.224.127 192.168.0.1 255.255.255.255

2021-09-14 00:12:25.125 +09:00 [DBG] CM processsing: >LOG:1631545945,,/sbin/route add -net 54.248.224.127 192.168.0.1 255.255.255.255
2021-09-14 00:12:25.130 +09:00 [DBG] CM processsing: 
2021-09-14 00:12:25.131 +09:00 [DBG] 🥶 APPEND line
2021-09-14 00:12:25.132 +09:00 [INF] Begin receive init again
2021-09-14 00:12:25.132 +09:00 [INF] Received bytes: 69
2021-09-14 00:12:25.132 +09:00 [DBG] Message marshalling complete
2021-09-14 00:12:25.133 +09:00 [DBG] CM received: >LOG:1631545945,,/sbin/route add -net 0.0.0.0 172.16.1.33 128.0.0.0

2021-09-14 00:12:25.133 +09:00 [DBG] CM processsing: >LOG:1631545945,,/sbin/route add -net 0.0.0.0 172.16.1.33 128.0.0.0
2021-09-14 00:12:25.134 +09:00 [DBG] CM processsing: 
2021-09-14 00:12:25.134 +09:00 [DBG] 🥶 APPEND line
2021-09-14 00:12:25.134 +09:00 [INF] Begin receive init again
2021-09-14 00:12:25.135 +09:00 [INF] Received bytes: 71
2021-09-14 00:12:25.135 +09:00 [DBG] Message marshalling complete
2021-09-14 00:12:25.135 +09:00 [DBG] CM received: >LOG:1631545945,,/sbin/route add -net 128.0.0.0 172.16.1.33 128.0.0.0

2021-09-14 00:12:25.135 +09:00 [DBG] CM processsing: >LOG:1631545945,,/sbin/route add -net 128.0.0.0 172.16.1.33 128.0.0.0
2021-09-14 00:12:25.135 +09:00 [DBG] CM processsing: 
2021-09-14 00:12:25.141 +09:00 [DBG] 🥶 APPEND line
2021-09-14 00:12:25.141 +09:00 [INF] Begin receive init again
2021-09-14 00:12:25.142 +09:00 [INF] Received bytes: 222
2021-09-14 00:12:25.142 +09:00 [DBG] Message marshalling complete
2021-09-14 00:12:25.143 +09:00 [DBG] CM received: >LOG:1631545945,I,Initialization Sequence Completed
>LOG:1631545945,,MANAGEMENT: >STATE:1631545945,CONNECTED,SUCCESS,172.16.1.34,54.248.224.127,443,,
>STATE:1631545945,CONNECTED,SUCCESS,172.16.1.34,54.248.224.127,443,,

2021-09-14 00:12:25.144 +09:00 [DBG] CM processsing: >LOG:1631545945,I,Initialization Sequence Completed
2021-09-14 00:12:25.145 +09:00 [DBG] CM processsing: >LOG:1631545945,,MANAGEMENT: >STATE:1631545945,CONNECTED,SUCCESS,172.16.1.34,54.248.224.127,443,,
2021-09-14 00:12:25.145 +09:00 [DBG] CM received state: >LOG:1631545945,,MANAGEMENT: >STATE:1631545945,CONNECTED,SUCCESS,172.16.1.34,54.248.224.127,443,,
2021-09-14 00:12:25.158 +09:00 [DBG] Inserted event UI_APP_VPN_CONNECT_SUCCESS 1 to AnalyticsTable
2021-09-14 00:12:25.174 +09:00 [DBG] Inserted event UI_APP_VPN_CONNECT_GENERAL_ERROR 0 to MetricsTable
2021-09-14 00:12:25.176 +09:00 [DBG] Management port password authenticated.
2021-09-14 00:12:25.178 +09:00 [DBG] Destroyed management port password file on authentication.
2021-09-14 00:12:25.178 +09:00 [DBG] CM processsing: >STATE:1631545945,CONNECTED,SUCCESS,172.16.1.34,54.248.224.127,443,,
2021-09-14 00:12:25.178 +09:00 [DBG] CM received state: >STATE:1631545945,CONNECTED,SUCCESS,172.16.1.34,54.248.224.127,443,,
2021-09-14 00:12:25.191 +09:00 [DBG] Inserted event UI_APP_VPN_CONNECT_SUCCESS 1 to AnalyticsTable
2021-09-14 00:12:25.201 +09:00 [DBG] Inserted event UI_APP_VPN_CONNECT_GENERAL_ERROR 0 to MetricsTable
2021-09-14 00:12:25.201 +09:00 [DBG] Management port password authenticated.
2021-09-14 00:12:25.201 +09:00 [DBG] Destroyed management port password file on authentication.
2021-09-14 00:12:25.202 +09:00 [DBG] CM processsing: 
2021-09-14 00:12:25.202 +09:00 [DBG] 🥶 APPEND line
2021-09-14 00:12:25.202 +09:00 [INF] Begin receive init again
2021-09-14 00:26:54.987 +09:00 [DBG] Inserted event CLICK_APP_DISCONNECT 1 to AnalyticsTable
2021-09-14 00:26:54.991 +09:00 [INF] Received bytes: 44
2021-09-14 00:26:54.991 +09:00 [DBG] Message marshalling complete
2021-09-14 00:26:54.992 +09:00 [DBG] CM received: >LOG:1631546814,D,MANAGEMENT: CMD 'status'

2021-09-14 00:26:54.993 +09:00 [DBG] CM processsing: >LOG:1631546814,D,MANAGEMENT: CMD 'status'
2021-09-14 00:26:54.994 +09:00 [DBG] CM processsing: 
2021-09-14 00:26:54.994 +09:00 [DBG] 🥶 APPEND line
2021-09-14 00:26:54.994 +09:00 [INF] Begin receive init again
2021-09-14 00:26:55.002 +09:00 [INF] Received bytes: 198
2021-09-14 00:26:55.002 +09:00 [DBG] Message marshalling complete
2021-09-14 00:26:55.002 +09:00 [DBG] CM received: OpenVPN STATISTICS
Updated,Tue Sep 14 00:26:55 2021
TUN/TAP read bytes,1086359
TUN/TAP write bytes,5788051
TCP/UDP read bytes,6001060
TCP/UDP write bytes,1270041
Auth read bytes,5799731
END

2021-09-14 00:26:55.002 +09:00 [DBG] CM processsing: OpenVPN STATISTICS
2021-09-14 00:26:55.002 +09:00 [DBG] 🥶 APPEND line
2021-09-14 00:26:55.002 +09:00 [DBG] CM processsing: Updated,Tue Sep 14 00:26:55 2021
2021-09-14 00:26:55.002 +09:00 [DBG] 🥶 APPEND line
2021-09-14 00:26:55.002 +09:00 [DBG] CM processsing: TUN/TAP read bytes,1086359
2021-09-14 00:26:55.002 +09:00 [DBG] 🥶 APPEND line
2021-09-14 00:26:55.002 +09:00 [DBG] CM processsing: TUN/TAP write bytes,5788051
2021-09-14 00:26:55.002 +09:00 [DBG] 🥶 APPEND line
2021-09-14 00:26:55.002 +09:00 [DBG] CM processsing: TCP/UDP read bytes,6001060
2021-09-14 00:26:55.002 +09:00 [DBG] 🥶 APPEND line
2021-09-14 00:26:55.002 +09:00 [DBG] CM processsing: TCP/UDP write bytes,1270041
2021-09-14 00:26:55.002 +09:00 [DBG] 🥶 APPEND line
2021-09-14 00:26:55.002 +09:00 [DBG] CM processsing: Auth read bytes,5799731
2021-09-14 00:26:55.002 +09:00 [DBG] 🥶 APPEND line
2021-09-14 00:26:55.002 +09:00 [DBG] CM processsing: END
2021-09-14 00:26:55.002 +09:00 [DBG] 🥶 END
2021-09-14 00:26:55.006 +09:00 [DBG] CM processsing: 
2021-09-14 00:26:55.006 +09:00 [DBG] 🥶 APPEND line
2021-09-14 00:26:55.006 +09:00 [INF] Begin receive init again
2021-09-14 00:26:55.006 +09:00 [DBG] Already received bytes: 6001060
2021-09-14 00:26:55.006 +09:00 [DBG] Already sent bytes: 1270041
2021-09-14 00:26:55.009 +09:00 [DBG] Inserted event CONNECTION_BYTES_SENT 1270041 to AnalyticsTable
2021-09-14 00:26:55.011 +09:00 [DBG] Inserted event CONNECTION_BYTES_RECEIVED 6001060 to AnalyticsTable
2021-09-14 00:26:55.016 +09:00 [DBG] Inserted event UI_APP_VPN_CONNECT_GENERAL_ERROR 0 to MetricsTable
2021-09-14 00:26:55.017 +09:00 [INF] Terminating connection
2021-09-14 00:26:55.017 +09:00 [DBG] 🏞 Ending connection details reporting.
2021-09-14 00:26:55.017 +09:00 [WRN] We are calling GracefulKill in a method that is not supposed to change Connection state.
2021-09-14 00:26:55.017 +09:00 [DBG] GracefulKill
2021-09-14 00:26:55.018 +09:00 [DBG] Cancelling socket listen token
2021-09-14 00:26:55.018 +09:00 [DBG] Dispose socket
2021-09-14 00:26:55.018 +09:00 [DBG] Signal process kill with helper tool.
2021-09-14 00:26:55.019 +09:00 [DBG] Starting process
2021-09-14 00:26:55.022 +09:00 [DBG] Cancellation requested
2021-09-14 00:26:55.023 +09:00 [DBG] Start to read process output
2021-09-14 00:26:57.150 +09:00 [DBG] End reading process output
2021-09-14 00:26:57.232 +09:00 [DBG] Helper app --kill output: Kill success.
2021-09-14 00:26:57.232 +09:00 [DBG] Release process manager start lock
2021-09-14 00:26:57.232 +09:00 [DBG] Release process manager stop lock
2021-09-14 00:26:57.233 +09:00 [DBG] Disconnected
2021-09-14 00:26:57.233 +09:00 [DBG] Metric agent started
2021-09-14 00:26:57.234 +09:00 [DBG] Sending Metrics batches
2021-09-14 00:26:57.276 +09:00 [DBG] Checking if table MetricsTable is empty
2021-09-14 00:26:57.278 +09:00 [DBG] Inserted event CONNECTION_END_TIME 1631546817 to AnalyticsTable
2021-09-14 00:26:57.287 +09:00 [DBG] Inserted event CONNECTION_DURATION 21293 to AnalyticsTable
2021-09-14 00:26:57.295 +09:00 [DBG] Inserted event UI_APP_VPN_CONNECT_GENERAL_ERROR 0 to MetricsTable
2021-09-14 00:26:57.428 +09:00 [DBG] is empty: False
2021-09-14 00:26:57.444 +09:00 [DBG] Metrics event batch successfully created, sending metrics
2021-09-14 00:26:57.445 +09:00 [DBG] metrics region already exists in app: ap-northeast-1
2021-09-14 00:26:57.445 +09:00 [DBG] Sending metrics batch async
2021-09-14 00:26:57.445 +09:00 [DBG] OS: MacOS
2021-09-14 00:26:57.445 +09:00 [DBG] OS: MacOS
2021-09-14 00:26:57.445 +09:00 [DBG] OS: MacOS
2021-09-14 00:26:57.445 +09:00 [DBG] OS: MacOS
2021-09-14 00:26:57.446 +09:00 [DBG] OS: MacOS
2021-09-14 00:26:57.446 +09:00 [DBG] OS: MacOS
2021-09-14 00:26:57.446 +09:00 [DBG] OS: MacOS
2021-09-14 00:26:57.446 +09:00 [DBG] OS: MacOS
2021-09-14 00:26:57.446 +09:00 [DBG] OS: MacOS
2021-09-14 00:26:57.447 +09:00 [DBG] OS: MacOS
2021-09-14 00:26:57.447 +09:00 [DBG] OS: MacOS
2021-09-14 00:26:57.447 +09:00 [DBG] OS: MacOS
2021-09-14 00:26:57.447 +09:00 [DBG] OS: MacOS
2021-09-14 00:26:57.448 +09:00 [DBG] OS: MacOS
2021-09-14 00:26:57.448 +09:00 [DBG] OS: MacOS
2021-09-14 00:26:57.448 +09:00 [DBG] OS: MacOS
2021-09-14 00:26:57.448 +09:00 [DBG] Metrics data request created
2021-09-14 00:26:57.503 +09:00 [DBG] Sending Analytics Batches
2021-09-14 00:26:57.513 +09:00 [DBG] Checking if table AnalyticsTable is empty
2021-09-14 00:26:57.513 +09:00 [DBG] is empty: False
2021-09-14 00:26:57.525 +09:00 [DBG] Analytics event batch successfully created, sending analytics
2021-09-14 00:26:57.526 +09:00 [DBG] Sending analytics batch async
2021-09-14 00:26:57.526 +09:00 [DBG] metrics region already exists in app: ap-northeast-1
2021-09-14 00:26:57.526 +09:00 [DBG] Pinpoint endpoint ID already exists
2021-09-14 00:26:57.528 +09:00 [DBG] OSVersion: Unix 19.6.0.0
2021-09-14 00:26:57.528 +09:00 [DBG] OS: MacOS
2021-09-14 00:26:57.530 +09:00 [DBG] Endpoint ID: ap-northeast-1:d999a751-9f05-4814-9c7f-21eb27358894
2021-09-14 00:26:57.530 +09:00 [DBG] Pinpoint endpoint id: ap-northeast-1:d999a751-9f05-4814-9c7f-21eb27358894
2021-09-14 00:26:57.531 +09:00 [DBG] metrics region already exists in app: ap-northeast-1
2021-09-14 00:26:57.533 +09:00 [DBG] metrics region already exists in app: ap-northeast-1
2021-09-14 00:26:57.680 +09:00 [DBG] Caching credentials.
2021-09-14 00:26:57.834 +09:00 [DBG] CloudWatch response received
2021-09-14 00:26:57.835 +09:00 [DBG] CloudWatch response status code: OK
2021-09-14 00:26:57.835 +09:00 [DBG] successfully put metrics to cloudwatch
2021-09-14 00:26:57.835 +09:00 [DBG] Deleting successfully sent batch of metric events
2021-09-14 00:26:57.839 +09:00 [DBG] Checking if table MetricsTable is empty
2021-09-14 00:26:57.839 +09:00 [DBG] is empty: True
2021-09-14 00:26:57.839 +09:00 [DBG] Finished sending batches of metrics to cloudwatch.
2021-09-14 00:26:57.851 +09:00 [DBG] 2021/09/14 0:26:57 Accepted
2021-09-14 00:26:57.851 +09:00 [DBG] successfully put analytics to pinpoint
2021-09-14 00:26:57.851 +09:00 [DBG] Events batch was accepted. Checking individual events for accepted status.
2021-09-14 00:26:57.855 +09:00 [DBG] Checking if table AnalyticsTable is empty
2021-09-14 00:26:57.855 +09:00 [DBG] is empty: True
2021-09-14 00:26:57.855 +09:00 [DBG] Finished sending batches of analytics to pinpoint.
2021-09-14 00:27:00.318 +09:00 [DBG] Caught exception when getting connection status. Exception information: System.TimeoutException: The message did not respond within the expected timeframe or was cancelled
  at ACVC.Core.OpenVpn.OvpnConnectionManager.SendMessage (System.String message, System.Int32 timeout, System.Threading.CancellationToken cancellationToken) [0x001ca] in <31f17d339caa4e67b9ad9d7f4a1b866a>:0 
  at ACVC.Core.OpenVpn.OvpnConnectionManager.GetConnectionStatus () [0x0007c] in <31f17d339caa4e67b9ad9d7f4a1b866a>:0 
  at ACVC.Core.Metrics.MetricsClient.RecordBytesMetricsAndAnalytics (ACVC.Core.IConnectionManager connectionManager) [0x00077] in <31f17d339caa4e67b9ad9d7f4a1b866a>:0 
2021-09-14 00:27:00.331 +09:00 [DBG] Inserted event UI_APP_VPN_CONNECT_GENERAL_ERROR 0 to MetricsTable
2021-09-14 00:27:00.334 +09:00 [INF] Terminating connection
2021-09-14 00:27:00.334 +09:00 [DBG] 🏞 Ending connection details reporting.
2021-09-14 00:27:00.334 +09:00 [WRN] We are calling GracefulKill in a method that is not supposed to change Connection state.
2021-09-14 00:27:00.334 +09:00 [DBG] GracefulKill
2021-09-14 00:27:00.334 +09:00 [DBG] Cancelling socket listen token
2021-09-14 00:27:00.334 +09:00 [DBG] Dispose socket
2021-09-14 00:27:00.334 +09:00 [DBG] Signal process kill with helper tool.
2021-09-14 00:27:00.335 +09:00 [DBG] Starting process
2021-09-14 00:27:00.339 +09:00 [DBG] Shutting down metrics agent
2021-09-14 00:27:00.339 +09:00 [DBG] Start to read process output
2021-09-14 00:27:00.340 +09:00 [DBG] Metrics agent shut down
